[debug] [2022-07-22T16:01:17.683Z] ----------------------------------------------------------------------
[debug] [2022-07-22T16:01:17.686Z] Command:       C:\Program Files\nodejs\node.exe C:\Users\kiran\AppData\Roaming\npm\node_modules\firebase-tools\lib\bin\firebase.js emulators:start
[debug] [2022-07-22T16:01:17.687Z] CLI Version:   11.3.0
[debug] [2022-07-22T16:01:17.687Z] Platform:      win32
[debug] [2022-07-22T16:01:17.687Z] Node Version:  v16.13.2
[debug] [2022-07-22T16:01:17.688Z] Time:          Fri Jul 22 2022 21:31:17 GMT+0530 (India Standard Time)
[debug] [2022-07-22T16:01:17.688Z] ----------------------------------------------------------------------
[debug] 
[debug] [2022-07-22T16:01:17.786Z] > command requires scopes: ["email","openid","https://www.googleapis.com/auth/cloudplatformprojects.readonly","https://www.googleapis.com/auth/firebase","https://www.googleapis.com/auth/cloud-platform"]
[debug] [2022-07-22T16:01:17.786Z] > authorizing via signed-in user (dropoutstore94@gmail.com)
[debug] [2022-07-22T16:01:18.000Z] java version "18.0.1.1" 2022-04-22

[debug] [2022-07-22T16:01:18.001Z] Java(TM) SE Runtime Environment (build 18.0.1.1+2-6)
Java HotSpot(TM) 64-Bit Server VM (build 18.0.1.1+2-6, mixed mode, sharing)

[debug] [2022-07-22T16:01:18.024Z] Parsed Java major version: 18
[info] i  emulators: Starting emulators: auth, functions, firestore, hosting, storage {"metadata":{"emulator":{"name":"hub"},"message":"Starting emulators: auth, functions, firestore, hosting, storage"}}
[debug] [2022-07-22T16:01:18.068Z] [hub] writing locator at C:\Users\kiran\AppData\Local\Temp\hub-dropoutstore-8979d.json
[warn] !  functions: The following emulators are not running, calls to these services from the Functions emulator will affect production: database, pubsub {"metadata":{"emulator":{"name":"functions"},"message":"The following emulators are not running, calls to these services from the Functions emulator will affect production: \u001b[1mdatabase, pubsub\u001b[22m"}}
[info] +  functions: Using node@16 from host. {"metadata":{"emulator":{"name":"functions"},"message":"Using node@16 from host."}}
[debug] [2022-07-22T16:01:18.122Z] defaultcredentials: writing to file C:\Users\kiran\AppData\Roaming\firebase\dropoutstore94_gmail_com_application_default_credentials.json
[debug] [2022-07-22T16:01:18.125Z] Setting GAC to C:\Users\kiran\AppData\Roaming\firebase\dropoutstore94_gmail_com_application_default_credentials.json {"metadata":{"emulator":{"name":"functions"},"message":"Setting GAC to C:\\Users\\kiran\\AppData\\Roaming\\firebase\\dropoutstore94_gmail_com_application_default_credentials.json"}}
[debug] [2022-07-22T16:01:18.129Z] >>> [apiv2][query] GET https://firebase.googleapis.com/v1beta1/projects/dropoutstore-8979d/adminSdkConfig [none]
[debug] [2022-07-22T16:01:18.528Z] <<< [apiv2][status] GET https://firebase.googleapis.com/v1beta1/projects/dropoutstore-8979d/adminSdkConfig 200
[debug] [2022-07-22T16:01:18.529Z] <<< [apiv2][body] GET https://firebase.googleapis.com/v1beta1/projects/dropoutstore-8979d/adminSdkConfig {"projectId":"dropoutstore-8979d","databaseURL":"https://dropoutstore-8979d-default-rtdb.asia-southeast1.firebasedatabase.app","storageBucket":"dropoutstore-8979d.appspot.com","locationId":"asia-south1"}
[debug] [2022-07-22T16:01:18.556Z] Ignoring unsupported arg: projectId {"metadata":{"emulator":{"name":"firestore"},"message":"Ignoring unsupported arg: projectId"}}
[debug] [2022-07-22T16:01:18.556Z] Ignoring unsupported arg: auto_download {"metadata":{"emulator":{"name":"firestore"},"message":"Ignoring unsupported arg: auto_download"}}
[debug] [2022-07-22T16:01:18.556Z] Starting Firestore Emulator with command {"binary":"java","args":["-Dgoogle.cloud_firestore.debug_log_level=FINE","-Duser.language=en","-jar","C:\\Users\\kiran\\.cache\\firebase\\emulators\\cloud-firestore-emulator-v1.14.4.jar","--host","localhost","--port",8080,"--rules","C:\\Users\\kiran\\OneDrive\\Desktop\\dos-admin-dashboard\\firestore.rules","--functions_emulator","localhost:5001"],"optionalArgs":["port","webchannel_port","host","rules","functions_emulator","seed_from_export"],"joinArgs":false} {"metadata":{"emulator":{"name":"firestore"},"message":"Starting Firestore Emulator with command {\"binary\":\"java\",\"args\":[\"-Dgoogle.cloud_firestore.debug_log_level=FINE\",\"-Duser.language=en\",\"-jar\",\"C:\\\\Users\\\\kiran\\\\.cache\\\\firebase\\\\emulators\\\\cloud-firestore-emulator-v1.14.4.jar\",\"--host\",\"localhost\",\"--port\",8080,\"--rules\",\"C:\\\\Users\\\\kiran\\\\OneDrive\\\\Desktop\\\\dos-admin-dashboard\\\\firestore.rules\",\"--functions_emulator\",\"localhost:5001\"],\"optionalArgs\":[\"port\",\"webchannel_port\",\"host\",\"rules\",\"functions_emulator\",\"seed_from_export\"],\"joinArgs\":false}"}}
[info] i  firestore: Firestore Emulator logging to firestore-debug.log {"metadata":{"emulator":{"name":"firestore"},"message":"Firestore Emulator logging to \u001b[1mfirestore-debug.log\u001b[22m"}}
[debug] [2022-07-22T16:01:30.650Z] Ignoring unsupported arg: port {"metadata":{"emulator":{"name":"storage"},"message":"Ignoring unsupported arg: port"}}
[debug] [2022-07-22T16:01:32.062Z] Temp file directory for storage emulator: C:\Users\kiran\AppData\Local\Temp/firebase/storage/blobs {"metadata":{"emulator":{"name":"storage"},"message":"Temp file directory for storage emulator: C:\\Users\\kiran\\AppData\\Local\\Temp/firebase/storage/blobs"}}
[debug] [2022-07-22T16:01:32.071Z] >>> [apiv2][query] GET https://firebasehosting.googleapis.com/v1beta1/projects/dropoutstore-8979d/sites 
[debug] [2022-07-22T16:01:33.742Z] <<< [apiv2][status] GET https://firebasehosting.googleapis.com/v1beta1/projects/dropoutstore-8979d/sites 200
[debug] [2022-07-22T16:01:33.742Z] <<< [apiv2][body] GET https://firebasehosting.googleapis.com/v1beta1/projects/dropoutstore-8979d/sites {"sites":[{"name":"projects/dropoutstore-8979d/sites/dos-staff","defaultUrl":"https://dos-staff.web.app","appId":"1:300563119027:web:7072a772945269704669c6","type":"USER_SITE"},{"name":"projects/dropoutstore-8979d/sites/dos-website","defaultUrl":"https://dos-website.web.app","appId":"1:300563119027:web:6cfb788cff98f9804669c6","type":"USER_SITE"},{"name":"projects/dropoutstore-8979d/sites/dosdesigners","defaultUrl":"https://dosdesigners.web.app","appId":"1:300563119027:web:f3b9cf2fd496cebd4669c6","type":"USER_SITE"},{"name":"projects/dropoutstore-8979d/sites/dropoutstore-8979d","defaultUrl":"https://dropoutstore-8979d.web.app","appId":"1:300563119027:web:fefd76170953e8b14669c6","type":"DEFAULT_SITE"},{"name":"projects/dropoutstore-8979d/sites/request-tutorial-94f7a","defaultUrl":"https://request-tutorial-94f7a.web.app","type":"USER_SITE"}]}
[debug] [2022-07-22T16:01:33.742Z] >>> [apiv2][query] GET https://firebase.googleapis.com/v1beta1/projects/dropoutstore-8979d/webApps/1:300563119027:web:fefd76170953e8b14669c6/config [none]
[debug] [2022-07-22T16:01:35.160Z] <<< [apiv2][status] GET https://firebase.googleapis.com/v1beta1/projects/dropoutstore-8979d/webApps/1:300563119027:web:fefd76170953e8b14669c6/config 200
[debug] [2022-07-22T16:01:35.160Z] <<< [apiv2][body] GET https://firebase.googleapis.com/v1beta1/projects/dropoutstore-8979d/webApps/1:300563119027:web:fefd76170953e8b14669c6/config {"projectId":"dropoutstore-8979d","appId":"1:300563119027:web:fefd76170953e8b14669c6","databaseURL":"https://dropoutstore-8979d-default-rtdb.asia-southeast1.firebasedatabase.app","storageBucket":"dropoutstore-8979d.appspot.com","locationId":"asia-south1","apiKey":"AIzaSyDVvT190YHjnYh5LRobXI4cQf8F3_vuGOc","authDomain":"dropoutstore-8979d.firebaseapp.com","messagingSenderId":"300563119027","measurementId":"G-RXD44LFG2Z"}
[info] i  hosting: Serving hosting files from: public {"metadata":{"emulator":{"name":"hosting"},"message":"Serving hosting files from: \u001b[1mpublic\u001b[22m"}}
[info] +  hosting: Local server: http://localhost:5000 {"metadata":{"emulator":{"name":"hosting"},"message":"Local server: \u001b[4m\u001b[1mhttp://localhost:5000\u001b[22m\u001b[24m"}}
[debug] [2022-07-22T16:01:35.207Z] Ignoring unsupported arg: auto_download {"metadata":{"emulator":{"name":"ui"},"message":"Ignoring unsupported arg: auto_download"}}
[debug] [2022-07-22T16:01:35.207Z] Ignoring unsupported arg: port {"metadata":{"emulator":{"name":"ui"},"message":"Ignoring unsupported arg: port"}}
[debug] [2022-07-22T16:01:35.208Z] Starting Emulator UI with command {"binary":"node","args":["C:\\Users\\kiran\\.cache\\firebase\\emulators\\ui-v1.8.1\\server\\server.js"],"optionalArgs":[],"joinArgs":false} {"metadata":{"emulator":{"name":"ui"},"message":"Starting Emulator UI with command {\"binary\":\"node\",\"args\":[\"C:\\\\Users\\\\kiran\\\\.cache\\\\firebase\\\\emulators\\\\ui-v1.8.1\\\\server\\\\server.js\"],\"optionalArgs\":[],\"joinArgs\":false}"}}
[info] i  ui: Emulator UI logging to ui-debug.log {"metadata":{"emulator":{"name":"ui"},"message":"Emulator UI logging to \u001b[1mui-debug.log\u001b[22m"}}
[debug] [2022-07-22T16:01:35.450Z] Web / API server started at localhost:4000
 {"metadata":{"emulator":{"name":"ui"},"message":"Web / API server started at localhost:4000\n"}}
[info] i  functions: Watching "C:\Users\kiran\OneDrive\Desktop\dos-admin-dashboard\functions" for Cloud Functions... {"metadata":{"emulator":{"name":"functions"},"message":"Watching \"C:\\Users\\kiran\\OneDrive\\Desktop\\dos-admin-dashboard\\functions\" for Cloud Functions..."}}
[debug] [2022-07-22T16:01:35.482Z] Validating nodejs source
[debug] [2022-07-22T16:01:39.454Z] > [functions] package.json contents: {
  "name": "functions",
  "scripts": {
    "lint": "eslint --fix --ext .js,.ts .",
    "build": "tsc",
    "watch": "tsc -W",
    "serve": "npm run build && firebase emulators:start --only functions",
    "shell": "npm run build && firebase functions:shell",
    "start": "npm run shell",
    "deploy": "firebase deploy --only functions",
    "logs": "firebase functions:log",
    "kill": "npx kill-port 5000 5001 8080 8085 4000 9229"
  },
  "engines": {
    "node": "16"
  },
  "main": "lib/index.js",
  "dependencies": {
    "@cashfreepayments/cashfree-sdk": "^0.1.7",
    "api": "^4.5.1",
    "axios": "^0.27.2",
    "firebase-admin": "^10.0.2",
    "firebase-functions": "^3.22.0"
  },
  "devDependencies": {
    "@typescript-eslint/eslint-plugin": "^5.12.0",
    "@typescript-eslint/parser": "^5.12.0",
    "eslint": "^8.9.0",
    "eslint-config-google": "^0.14.0",
    "eslint-plugin-import": "^2.25.4",
    "firebase-functions-test": "^0.2.0",
    "typescript": "^4.5.4"
  },
  "private": true
}
[debug] [2022-07-22T16:01:39.454Z] Building nodejs source
[debug] [2022-07-22T16:01:39.454Z] Analyzing nodejs backend spec
[debug] [2022-07-22T16:01:39.456Z] Could not find functions.yaml. Must use http discovery
[debug] [2022-07-22T16:01:39.926Z] Serving at port 9005

[debug] [2022-07-22T16:01:40.079Z] Got response from /__/functions.yaml {"endpoints":{"docCreation":{"platform":"gcfv1","region":["asia-south1"],"eventTrigger":{"eventType":"providers/firebase.auth/eventTypes/user.create","eventFilters":{"resource":"projects/dropoutstore-8979d"},"retry":false},"labels":{},"entryPoint":"docCreation"},"createDocstorage":{"platform":"gcfv1","region":["asia-south1"],"eventTrigger":{"eventType":"google.storage.object.finalize","eventFilters":{"resource":"projects/_/buckets/dropoutstore-8979d.appspot.com"},"retry":false},"labels":{},"entryPoint":"createDocstorage"},"bank":{"platform":"gcfv1","labels":{},"region":["asia-south1"],"callableTrigger":{},"entryPoint":"bank"},"pan":{"platform":"gcfv1","labels":{},"region":["asia-south1"],"callableTrigger":{},"entryPoint":"pan"}},"specVersion":"v1alpha1","requiredAPIs":[]}
[debug] [2022-07-22T16:01:40.090Z] shutdown requested via /__/quitquitquit

[debug] [2022-07-22T16:01:40.117Z] addAuthTrigger {"eventTrigger":{"eventType":"providers/firebase.auth/eventTypes/user.create","resource":"projects/dropoutstore-8979d"}}
[info] +  functions[asia-south1-docCreation]: auth function initialized. {"metadata":{"emulator":{"name":"functions"},"message":"\u001b[1mauth\u001b[22m function initialized."}}
[debug] [2022-07-22T16:01:40.118Z] addStorageTrigger {"eventTrigger":{"eventType":"google.storage.object.finalize","resource":"projects/_/buckets/dropoutstore-8979d.appspot.com"}}
[info] +  functions[asia-south1-createDocstorage]: storage function initialized. {"metadata":{"emulator":{"name":"functions"},"message":"\u001b[1mstorage\u001b[22m function initialized."}}
[info] +  functions[asia-south1-bank]: http function initialized (http://localhost:5001/dropoutstore-8979d/asia-south1/bank). {"metadata":{"emulator":{"name":"functions"},"message":"\u001b[1mhttp\u001b[22m function initialized (http://localhost:5001/dropoutstore-8979d/asia-south1/bank)."}}
[info] +  functions[asia-south1-pan]: http function initialized (http://localhost:5001/dropoutstore-8979d/asia-south1/pan). {"metadata":{"emulator":{"name":"functions"},"message":"\u001b[1mhttp\u001b[22m function initialized (http://localhost:5001/dropoutstore-8979d/asia-south1/pan)."}}
[info] 
┌─────────────────────────────────────────────────────────────┐
│ ✔  All emulators ready! It is now safe to connect your app. │
│ i  View Emulator UI at http://localhost:4000                │
└─────────────────────────────────────────────────────────────┘

┌────────────────┬────────────────┬─────────────────────────────────┐
│ Emulator       │ Host:Port      │ View in Emulator UI             │
├────────────────┼────────────────┼─────────────────────────────────┤
│ Authentication │ localhost:9099 │ http://localhost:4000/auth      │
├────────────────┼────────────────┼─────────────────────────────────┤
│ Functions      │ localhost:5001 │ http://localhost:4000/functions │
├────────────────┼────────────────┼─────────────────────────────────┤
│ Firestore      │ localhost:8080 │ http://localhost:4000/firestore │
├────────────────┼────────────────┼─────────────────────────────────┤
│ Hosting        │ localhost:5000 │ n/a                             │
├────────────────┼────────────────┼─────────────────────────────────┤
│ Storage        │ localhost:9199 │ http://localhost:4000/storage   │
└────────────────┴────────────────┴─────────────────────────────────┘
  Emulator Hub running at localhost:4400
  Other reserved ports: 4500

Issues? Report them at https://github.com/firebase/firebase-tools/issues and attach the *-debug.log files.
 
[debug] [2022-07-22T16:02:52.443Z] [work-queue] {"queueLength":1,"workRunningCount":0}
[debug] [2022-07-22T16:02:52.444Z] [work-queue] {"queueLength":0,"workRunningCount":1}
[debug] [2022-07-22T16:02:52.445Z] Accepted request OPTIONS /dropoutstore-8979d/asia-south1/bank --> asia-south1-bank
[debug] [2022-07-22T16:02:52.465Z] [worker-pool] addWorker(asia-south1-bank) {"metadata":{"emulator":{"name":"functions"},"message":"[worker-pool] addWorker(asia-south1-bank)"}}
[debug] [2022-07-22T16:02:52.465Z] [worker-pool] Adding worker with key asia-south1-bank, total=1 {"metadata":{"emulator":{"name":"functions"},"message":"[worker-pool] Adding worker with key asia-south1-bank, total=1"}}
[debug] [2022-07-22T16:02:52.466Z] [worker-pool] submitWork(triggerId=asia-south1-bank) {"metadata":{"emulator":{"name":"functions"},"message":"[worker-pool] submitWork(triggerId=asia-south1-bank)"}}
[debug] [2022-07-22T16:02:52.466Z] [worker-asia-south1-bank-d21801c3-8f4d-4ccb-960c-e3ba970b12b6]: BUSY {"metadata":{"emulator":{"name":"functions"},"message":"[worker-asia-south1-bank-d21801c3-8f4d-4ccb-960c-e3ba970b12b6]: BUSY"}}
[debug] [2022-07-22T16:02:54.815Z] [runtime-status] [4328] Resolved module firebase-admin {"declared":true,"installed":true,"version":"10.3.0","resolution":"C:\\Users\\kiran\\OneDrive\\Desktop\\dos-admin-dashboard\\functions\\node_modules\\firebase-admin\\lib\\index.js"} {"metadata":{"emulator":{"name":"functions"},"function":{"name":"asia-south1-bank"},"extension":{},"message":"[runtime-status] [4328] Resolved module firebase-admin {\"declared\":true,\"installed\":true,\"version\":\"10.3.0\",\"resolution\":\"C:\\\\Users\\\\kiran\\\\OneDrive\\\\Desktop\\\\dos-admin-dashboard\\\\functions\\\\node_modules\\\\firebase-admin\\\\lib\\\\index.js\"}"}}
[debug] [2022-07-22T16:02:54.817Z] [runtime-status] [4328] Resolved module firebase-functions {"declared":true,"installed":true,"version":"3.22.0","resolution":"C:\\Users\\kiran\\OneDrive\\Desktop\\dos-admin-dashboard\\functions\\node_modules\\firebase-functions\\lib\\index.js"} {"metadata":{"emulator":{"name":"functions"},"function":{"name":"asia-south1-bank"},"extension":{},"message":"[runtime-status] [4328] Resolved module firebase-functions {\"declared\":true,\"installed\":true,\"version\":\"3.22.0\",\"resolution\":\"C:\\\\Users\\\\kiran\\\\OneDrive\\\\Desktop\\\\dos-admin-dashboard\\\\functions\\\\node_modules\\\\firebase-functions\\\\lib\\\\index.js\"}"}}
[debug] [2022-07-22T16:02:54.818Z] [runtime-status] [4328] Outgoing network have been stubbed. [{"name":"http","status":"mocked"},{"name":"http","status":"mocked"},{"name":"https","status":"mocked"},{"name":"https","status":"mocked"},{"name":"net","status":"mocked"}] {"metadata":{"emulator":{"name":"functions"},"function":{"name":"asia-south1-bank"},"extension":{},"message":"[runtime-status] [4328] Outgoing network have been stubbed. [{\"name\":\"http\",\"status\":\"mocked\"},{\"name\":\"http\",\"status\":\"mocked\"},{\"name\":\"https\",\"status\":\"mocked\"},{\"name\":\"https\",\"status\":\"mocked\"},{\"name\":\"net\",\"status\":\"mocked\"}]"}}
[debug] [2022-07-22T16:02:54.819Z] [runtime-status] [4328] Resolved module firebase-functions {"declared":true,"installed":true,"version":"3.22.0","resolution":"C:\\Users\\kiran\\OneDrive\\Desktop\\dos-admin-dashboard\\functions\\node_modules\\firebase-functions\\lib\\index.js"} {"metadata":{"emulator":{"name":"functions"},"function":{"name":"asia-south1-bank"},"extension":{},"message":"[runtime-status] [4328] Resolved module firebase-functions {\"declared\":true,\"installed\":true,\"version\":\"3.22.0\",\"resolution\":\"C:\\\\Users\\\\kiran\\\\OneDrive\\\\Desktop\\\\dos-admin-dashboard\\\\functions\\\\node_modules\\\\firebase-functions\\\\lib\\\\index.js\"}"}}
[debug] [2022-07-22T16:02:54.910Z] [runtime-status] [4328] Checked functions.config() {"config":{}} {"metadata":{"emulator":{"name":"functions"},"function":{"name":"asia-south1-bank"},"extension":{},"message":"[runtime-status] [4328] Checked functions.config() {\"config\":{}}"}}
[debug] [2022-07-22T16:02:54.910Z] [runtime-status] [4328] firebase-functions has been stubbed. {"functionsResolution":{"declared":true,"installed":true,"version":"3.22.0","resolution":"C:\\Users\\kiran\\OneDrive\\Desktop\\dos-admin-dashboard\\functions\\node_modules\\firebase-functions\\lib\\index.js"}} {"metadata":{"emulator":{"name":"functions"},"function":{"name":"asia-south1-bank"},"extension":{},"message":"[runtime-status] [4328] firebase-functions has been stubbed. {\"functionsResolution\":{\"declared\":true,\"installed\":true,\"version\":\"3.22.0\",\"resolution\":\"C:\\\\Users\\\\kiran\\\\OneDrive\\\\Desktop\\\\dos-admin-dashboard\\\\functions\\\\node_modules\\\\firebase-functions\\\\lib\\\\index.js\"}}"}}
[debug] [2022-07-22T16:02:54.912Z] [runtime-status] [4328] Resolved module firebase-functions {"declared":true,"installed":true,"version":"3.22.0","resolution":"C:\\Users\\kiran\\OneDrive\\Desktop\\dos-admin-dashboard\\functions\\node_modules\\firebase-functions\\lib\\index.js"} {"metadata":{"emulator":{"name":"functions"},"function":{"name":"asia-south1-bank"},"extension":{},"message":"[runtime-status] [4328] Resolved module firebase-functions {\"declared\":true,\"installed\":true,\"version\":\"3.22.0\",\"resolution\":\"C:\\\\Users\\\\kiran\\\\OneDrive\\\\Desktop\\\\dos-admin-dashboard\\\\functions\\\\node_modules\\\\firebase-functions\\\\lib\\\\index.js\"}"}}
[debug] [2022-07-22T16:02:54.914Z] [runtime-status] [4328] Resolved module firebase-admin {"declared":true,"installed":true,"version":"10.3.0","resolution":"C:\\Users\\kiran\\OneDrive\\Desktop\\dos-admin-dashboard\\functions\\node_modules\\firebase-admin\\lib\\index.js"} {"metadata":{"emulator":{"name":"functions"},"function":{"name":"asia-south1-bank"},"extension":{},"message":"[runtime-status] [4328] Resolved module firebase-admin {\"declared\":true,\"installed\":true,\"version\":\"10.3.0\",\"resolution\":\"C:\\\\Users\\\\kiran\\\\OneDrive\\\\Desktop\\\\dos-admin-dashboard\\\\functions\\\\node_modules\\\\firebase-admin\\\\lib\\\\index.js\"}"}}
[debug] [2022-07-22T16:02:54.916Z] [runtime-status] [4328] Resolved module firebase-functions {"declared":true,"installed":true,"version":"3.22.0","resolution":"C:\\Users\\kiran\\OneDrive\\Desktop\\dos-admin-dashboard\\functions\\node_modules\\firebase-functions\\lib\\index.js"} {"metadata":{"emulator":{"name":"functions"},"function":{"name":"asia-south1-bank"},"extension":{},"message":"[runtime-status] [4328] Resolved module firebase-functions {\"declared\":true,\"installed\":true,\"version\":\"3.22.0\",\"resolution\":\"C:\\\\Users\\\\kiran\\\\OneDrive\\\\Desktop\\\\dos-admin-dashboard\\\\functions\\\\node_modules\\\\firebase-functions\\\\lib\\\\index.js\"}"}}
[debug] [2022-07-22T16:02:54.916Z] [runtime-status] [4328] firebase-admin has been stubbed. {"adminResolution":{"declared":true,"installed":true,"version":"10.3.0","resolution":"C:\\Users\\kiran\\OneDrive\\Desktop\\dos-admin-dashboard\\functions\\node_modules\\firebase-admin\\lib\\index.js"}} {"metadata":{"emulator":{"name":"functions"},"function":{"name":"asia-south1-bank"},"extension":{},"message":"[runtime-status] [4328] firebase-admin has been stubbed. {\"adminResolution\":{\"declared\":true,\"installed\":true,\"version\":\"10.3.0\",\"resolution\":\"C:\\\\Users\\\\kiran\\\\OneDrive\\\\Desktop\\\\dos-admin-dashboard\\\\functions\\\\node_modules\\\\firebase-admin\\\\lib\\\\index.js\"}}"}}
[debug] [2022-07-22T16:02:54.917Z] [runtime-status] [4328] Functions runtime initialized. {"cwd":"C:\\Users\\kiran\\OneDrive\\Desktop\\dos-admin-dashboard\\functions","node_version":"16.13.2"} {"metadata":{"emulator":{"name":"functions"},"function":{"name":"asia-south1-bank"},"extension":{},"message":"[runtime-status] [4328] Functions runtime initialized. {\"cwd\":\"C:\\\\Users\\\\kiran\\\\OneDrive\\\\Desktop\\\\dos-admin-dashboard\\\\functions\",\"node_version\":\"16.13.2\"}"}}
[debug] [2022-07-22T16:02:54.953Z] [runtime-status] [4328] initializeApp(DEFAULT) {"storageBucket":"dropoutstore-8979d.appspot.com","databaseURL":"https://dropoutstore-8979d-default-rtdb.asia-southeast1.firebasedatabase.app","projectId":"dropoutstore-8979d"} {"metadata":{"emulator":{"name":"functions"},"function":{"name":"asia-south1-bank"},"extension":{},"message":"[runtime-status] [4328] initializeApp(DEFAULT) {\"storageBucket\":\"dropoutstore-8979d.appspot.com\",\"databaseURL\":\"https://dropoutstore-8979d-default-rtdb.asia-southeast1.firebasedatabase.app\",\"projectId\":\"dropoutstore-8979d\"}"}}
[debug] [2022-07-22T16:02:54.954Z] [runtime-status] [4328] Beginning invocation function bank! {"metadata":{"emulator":{"name":"functions"},"function":{"name":"asia-south1-bank"},"extension":{},"message":"[runtime-status] [4328] Beginning invocation function bank!"}}
[info] i  functions: Beginning execution of "bank" {"metadata":{"emulator":{"name":"functions"},"function":{"name":"asia-south1-bank"},"extension":{},"message":"Beginning execution of \"bank\""}}
[debug] [2022-07-22T16:02:54.956Z] [runtime-status] [4328] Running bank in signature http {"metadata":{"emulator":{"name":"functions"},"function":{"name":"asia-south1-bank"},"extension":{},"message":"[runtime-status] [4328] Running bank in signature http"}}
[debug] [2022-07-22T16:02:54.964Z] [runtime-status] [4328] Attempting to listen to port: \\?\pipe\fire_emu_cc1a0a02462e675b {"metadata":{"emulator":{"name":"functions"},"function":{"name":"asia-south1-bank"},"extension":{},"message":"[runtime-status] [4328] Attempting to listen to port: \\\\?\\pipe\\fire_emu_cc1a0a02462e675b"}}
[debug] [2022-07-22T16:02:55.003Z] [functions] Runtime ready! Sending request! {"metadata":{"emulator":{"name":"functions"},"message":"[functions] Runtime ready! Sending request!"}}
[debug] [2022-07-22T16:02:55.003Z] [functions] Got req.url=/dropoutstore-8979d/asia-south1/bank, mapping to path=/ {"metadata":{"emulator":{"name":"functions"},"message":"[functions] Got req.url=/dropoutstore-8979d/asia-south1/bank, mapping to path=/"}}
[debug] [2022-07-22T16:02:55.006Z] [runtime-status] [4328] Ephemeral server handling OPTIONS request {"metadata":{"emulator":{"name":"functions"},"function":{"name":"asia-south1-bank"},"extension":{},"message":"[runtime-status] [4328] Ephemeral server handling OPTIONS request"}}
[debug] [2022-07-22T16:02:55.011Z] [runtime-status] [4328] Ephemeral server survived. {"metadata":{"emulator":{"name":"functions"},"function":{"name":"asia-south1-bank"},"extension":{},"message":"[runtime-status] [4328] Ephemeral server survived."}}
[debug] [2022-07-22T16:02:55.013Z] [work-queue] {"queueLength":1,"workRunningCount":1}
[debug] [2022-07-22T16:02:55.014Z] [work-queue] {"queueLength":0,"workRunningCount":2}
[debug] [2022-07-22T16:02:55.014Z] Accepted request POST /dropoutstore-8979d/asia-south1/bank --> asia-south1-bank
[debug] [2022-07-22T16:02:55.014Z] ID Token: eyJhbGciOiJSUzI1NiIsImtpZCI6ImJmMWMyNzQzYTJhZmY3YmZmZDBmODRhODY0ZTljMjc4ZjMxYmM2NTQiLCJ0eXAiOiJKV1QifQ.eyJpc3MiOiJodHRwczovL3NlY3VyZXRva2VuLmdvb2dsZS5jb20vZHJvcG91dHN0b3JlLTg5NzlkIiwiYXVkIjoiZHJvcG91dHN0b3JlLTg5NzlkIiwiYXV0aF90aW1lIjoxNjU3Nzg5NTI5LCJ1c2VyX2lkIjoidmtCd29tUWpxbmFURktJRVFrbjYyY1FySmVnMiIsInN1YiI6InZrQndvbVFqcW5hVEZLSUVRa242MmNRckplZzIiLCJpYXQiOjE2NTg1MDU1NDcsImV4cCI6MTY1ODUwOTE0NywiZW1haWwiOiJraXJhbmRuMzBAZ21haWwuY29tIiwiZW1haWxfdmVyaWZpZWQiOnRydWUsImZpcmViYXNlIjp7ImlkZW50aXRpZXMiOnsiZW1haWwiOlsia2lyYW5kbjMwQGdtYWlsLmNvbSJdfSwic2lnbl9pbl9wcm92aWRlciI6InBhc3N3b3JkIiwic2lnbl9pbl9zZWNvbmRfZmFjdG9yIjoicGhvbmUiLCJzZWNvbmRfZmFjdG9yX2lkZW50aWZpZXIiOiJkOGU5YjI1Yy1jZGNhLTRjYzktODQ5Ni04OWI3YTRjN2E1NjYifX0.W8ZaaCRuO0kXhqG8Uy8UG16QHe1_oLBbmTK7dNN8Zt3uQ3zbfYUkzoQ0I3mrHY3657dhvtmLv-JhWwviIYr6yLJpO9jRfsLsKxki-XzMuTWitRRp_0XLZFI6ueCeoRAXg-7QeU7by2KX7SQkZTWSyGsqphgAeTSBDdNWfNikbNWo8P-9wgbeSmFFUr1ts-fEy8-58xQX8x2J7CzaseoLQOqaDVg9umne-XYtKKd5v3Lw9s-UCHYDDNXchUEjSbgE42tb_XnE6xtAb-JcqkIznoxhP2eYtydsIXfwD-c_jL26TACXuR1B3M9h_jnGUSoxEXkd4qhkv2I4L-npGAgflg
[debug] [2022-07-22T16:02:55.023Z] [worker-pool] addWorker(asia-south1-bank) {"metadata":{"emulator":{"name":"functions"},"message":"[worker-pool] addWorker(asia-south1-bank)"}}
[debug] [2022-07-22T16:02:55.023Z] [worker-pool] Adding worker with key asia-south1-bank, total=2 {"metadata":{"emulator":{"name":"functions"},"message":"[worker-pool] Adding worker with key asia-south1-bank, total=2"}}
[debug] [2022-07-22T16:02:55.023Z] [worker-pool] submitWork(triggerId=asia-south1-bank) {"metadata":{"emulator":{"name":"functions"},"message":"[worker-pool] submitWork(triggerId=asia-south1-bank)"}}
[debug] [2022-07-22T16:02:55.023Z] [worker-asia-south1-bank-65e7f2be-c85f-4195-abe0-819401b92404]: BUSY {"metadata":{"emulator":{"name":"functions"},"message":"[worker-asia-south1-bank-65e7f2be-c85f-4195-abe0-819401b92404]: BUSY"}}
[info] i  functions: Finished "bank" in ~1s {"metadata":{"emulator":{"name":"functions"},"function":{"name":"asia-south1-bank"},"extension":{},"message":"Finished \"bank\" in ~1s"}}
[debug] [2022-07-22T16:02:55.028Z] [worker-asia-south1-bank-d21801c3-8f4d-4ccb-960c-e3ba970b12b6]: IDLE {"metadata":{"emulator":{"name":"functions"},"message":"[worker-asia-south1-bank-d21801c3-8f4d-4ccb-960c-e3ba970b12b6]: IDLE"}}
[debug] [2022-07-22T16:02:55.029Z] [work-queue] {"queueLength":0,"workRunningCount":1}
[debug] [2022-07-22T16:02:57.321Z] [runtime-status] [14720] Resolved module firebase-admin {"declared":true,"installed":true,"version":"10.3.0","resolution":"C:\\Users\\kiran\\OneDrive\\Desktop\\dos-admin-dashboard\\functions\\node_modules\\firebase-admin\\lib\\index.js"} {"metadata":{"emulator":{"name":"functions"},"function":{"name":"asia-south1-bank"},"extension":{},"message":"[runtime-status] [14720] Resolved module firebase-admin {\"declared\":true,\"installed\":true,\"version\":\"10.3.0\",\"resolution\":\"C:\\\\Users\\\\kiran\\\\OneDrive\\\\Desktop\\\\dos-admin-dashboard\\\\functions\\\\node_modules\\\\firebase-admin\\\\lib\\\\index.js\"}"}}
[debug] [2022-07-22T16:02:57.327Z] [runtime-status] [14720] Resolved module firebase-functions {"declared":true,"installed":true,"version":"3.22.0","resolution":"C:\\Users\\kiran\\OneDrive\\Desktop\\dos-admin-dashboard\\functions\\node_modules\\firebase-functions\\lib\\index.js"} {"metadata":{"emulator":{"name":"functions"},"function":{"name":"asia-south1-bank"},"extension":{},"message":"[runtime-status] [14720] Resolved module firebase-functions {\"declared\":true,\"installed\":true,\"version\":\"3.22.0\",\"resolution\":\"C:\\\\Users\\\\kiran\\\\OneDrive\\\\Desktop\\\\dos-admin-dashboard\\\\functions\\\\node_modules\\\\firebase-functions\\\\lib\\\\index.js\"}"}}
[debug] [2022-07-22T16:02:57.328Z] [runtime-status] [14720] Outgoing network have been stubbed. [{"name":"http","status":"mocked"},{"name":"http","status":"mocked"},{"name":"https","status":"mocked"},{"name":"https","status":"mocked"},{"name":"net","status":"mocked"}] {"metadata":{"emulator":{"name":"functions"},"function":{"name":"asia-south1-bank"},"extension":{},"message":"[runtime-status] [14720] Outgoing network have been stubbed. [{\"name\":\"http\",\"status\":\"mocked\"},{\"name\":\"http\",\"status\":\"mocked\"},{\"name\":\"https\",\"status\":\"mocked\"},{\"name\":\"https\",\"status\":\"mocked\"},{\"name\":\"net\",\"status\":\"mocked\"}]"}}
[debug] [2022-07-22T16:02:57.329Z] [runtime-status] [14720] Resolved module firebase-functions {"declared":true,"installed":true,"version":"3.22.0","resolution":"C:\\Users\\kiran\\OneDrive\\Desktop\\dos-admin-dashboard\\functions\\node_modules\\firebase-functions\\lib\\index.js"} {"metadata":{"emulator":{"name":"functions"},"function":{"name":"asia-south1-bank"},"extension":{},"message":"[runtime-status] [14720] Resolved module firebase-functions {\"declared\":true,\"installed\":true,\"version\":\"3.22.0\",\"resolution\":\"C:\\\\Users\\\\kiran\\\\OneDrive\\\\Desktop\\\\dos-admin-dashboard\\\\functions\\\\node_modules\\\\firebase-functions\\\\lib\\\\index.js\"}"}}
[debug] [2022-07-22T16:02:57.425Z] [runtime-status] [14720] Checked functions.config() {"config":{}} {"metadata":{"emulator":{"name":"functions"},"function":{"name":"asia-south1-bank"},"extension":{},"message":"[runtime-status] [14720] Checked functions.config() {\"config\":{}}"}}
[debug] [2022-07-22T16:02:57.425Z] [runtime-status] [14720] firebase-functions has been stubbed. {"functionsResolution":{"declared":true,"installed":true,"version":"3.22.0","resolution":"C:\\Users\\kiran\\OneDrive\\Desktop\\dos-admin-dashboard\\functions\\node_modules\\firebase-functions\\lib\\index.js"}} {"metadata":{"emulator":{"name":"functions"},"function":{"name":"asia-south1-bank"},"extension":{},"message":"[runtime-status] [14720] firebase-functions has been stubbed. {\"functionsResolution\":{\"declared\":true,\"installed\":true,\"version\":\"3.22.0\",\"resolution\":\"C:\\\\Users\\\\kiran\\\\OneDrive\\\\Desktop\\\\dos-admin-dashboard\\\\functions\\\\node_modules\\\\firebase-functions\\\\lib\\\\index.js\"}}"}}
[debug] [2022-07-22T16:02:57.429Z] [runtime-status] [14720] Resolved module firebase-functions {"declared":true,"installed":true,"version":"3.22.0","resolution":"C:\\Users\\kiran\\OneDrive\\Desktop\\dos-admin-dashboard\\functions\\node_modules\\firebase-functions\\lib\\index.js"} {"metadata":{"emulator":{"name":"functions"},"function":{"name":"asia-south1-bank"},"extension":{},"message":"[runtime-status] [14720] Resolved module firebase-functions {\"declared\":true,\"installed\":true,\"version\":\"3.22.0\",\"resolution\":\"C:\\\\Users\\\\kiran\\\\OneDrive\\\\Desktop\\\\dos-admin-dashboard\\\\functions\\\\node_modules\\\\firebase-functions\\\\lib\\\\index.js\"}"}}
[debug] [2022-07-22T16:02:57.436Z] [runtime-status] [14720] Resolved module firebase-admin {"declared":true,"installed":true,"version":"10.3.0","resolution":"C:\\Users\\kiran\\OneDrive\\Desktop\\dos-admin-dashboard\\functions\\node_modules\\firebase-admin\\lib\\index.js"} {"metadata":{"emulator":{"name":"functions"},"function":{"name":"asia-south1-bank"},"extension":{},"message":"[runtime-status] [14720] Resolved module firebase-admin {\"declared\":true,\"installed\":true,\"version\":\"10.3.0\",\"resolution\":\"C:\\\\Users\\\\kiran\\\\OneDrive\\\\Desktop\\\\dos-admin-dashboard\\\\functions\\\\node_modules\\\\firebase-admin\\\\lib\\\\index.js\"}"}}
[debug] [2022-07-22T16:02:57.438Z] [runtime-status] [14720] Resolved module firebase-functions {"declared":true,"installed":true,"version":"3.22.0","resolution":"C:\\Users\\kiran\\OneDrive\\Desktop\\dos-admin-dashboard\\functions\\node_modules\\firebase-functions\\lib\\index.js"} {"metadata":{"emulator":{"name":"functions"},"function":{"name":"asia-south1-bank"},"extension":{},"message":"[runtime-status] [14720] Resolved module firebase-functions {\"declared\":true,\"installed\":true,\"version\":\"3.22.0\",\"resolution\":\"C:\\\\Users\\\\kiran\\\\OneDrive\\\\Desktop\\\\dos-admin-dashboard\\\\functions\\\\node_modules\\\\firebase-functions\\\\lib\\\\index.js\"}"}}
[debug] [2022-07-22T16:02:57.438Z] [runtime-status] [14720] firebase-admin has been stubbed. {"adminResolution":{"declared":true,"installed":true,"version":"10.3.0","resolution":"C:\\Users\\kiran\\OneDrive\\Desktop\\dos-admin-dashboard\\functions\\node_modules\\firebase-admin\\lib\\index.js"}} {"metadata":{"emulator":{"name":"functions"},"function":{"name":"asia-south1-bank"},"extension":{},"message":"[runtime-status] [14720] firebase-admin has been stubbed. {\"adminResolution\":{\"declared\":true,\"installed\":true,\"version\":\"10.3.0\",\"resolution\":\"C:\\\\Users\\\\kiran\\\\OneDrive\\\\Desktop\\\\dos-admin-dashboard\\\\functions\\\\node_modules\\\\firebase-admin\\\\lib\\\\index.js\"}}"}}
[debug] [2022-07-22T16:02:57.438Z] [runtime-status] [14720] Functions runtime initialized. {"cwd":"C:\\Users\\kiran\\OneDrive\\Desktop\\dos-admin-dashboard\\functions","node_version":"16.13.2"} {"metadata":{"emulator":{"name":"functions"},"function":{"name":"asia-south1-bank"},"extension":{},"message":"[runtime-status] [14720] Functions runtime initialized. {\"cwd\":\"C:\\\\Users\\\\kiran\\\\OneDrive\\\\Desktop\\\\dos-admin-dashboard\\\\functions\",\"node_version\":\"16.13.2\"}"}}
[debug] [2022-07-22T16:02:57.477Z] [runtime-status] [14720] initializeApp(DEFAULT) {"storageBucket":"dropoutstore-8979d.appspot.com","databaseURL":"https://dropoutstore-8979d-default-rtdb.asia-southeast1.firebasedatabase.app","projectId":"dropoutstore-8979d"} {"metadata":{"emulator":{"name":"functions"},"function":{"name":"asia-south1-bank"},"extension":{},"message":"[runtime-status] [14720] initializeApp(DEFAULT) {\"storageBucket\":\"dropoutstore-8979d.appspot.com\",\"databaseURL\":\"https://dropoutstore-8979d-default-rtdb.asia-southeast1.firebasedatabase.app\",\"projectId\":\"dropoutstore-8979d\"}"}}
[debug] [2022-07-22T16:02:57.478Z] [runtime-status] [14720] Beginning invocation function bank! {"metadata":{"emulator":{"name":"functions"},"function":{"name":"asia-south1-bank"},"extension":{},"message":"[runtime-status] [14720] Beginning invocation function bank!"}}
[info] i  functions: Beginning execution of "bank" {"metadata":{"emulator":{"name":"functions"},"function":{"name":"asia-south1-bank"},"extension":{},"message":"Beginning execution of \"bank\""}}
[debug] [2022-07-22T16:02:57.480Z] [runtime-status] [14720] Running bank in signature http {"metadata":{"emulator":{"name":"functions"},"function":{"name":"asia-south1-bank"},"extension":{},"message":"[runtime-status] [14720] Running bank in signature http"}}
[debug] [2022-07-22T16:02:57.488Z] [runtime-status] [14720] Attempting to listen to port: \\?\pipe\fire_emu_a31739637b5f62c4 {"metadata":{"emulator":{"name":"functions"},"function":{"name":"asia-south1-bank"},"extension":{},"message":"[runtime-status] [14720] Attempting to listen to port: \\\\?\\pipe\\fire_emu_a31739637b5f62c4"}}
[debug] [2022-07-22T16:02:57.547Z] [functions] Runtime ready! Sending request! {"metadata":{"emulator":{"name":"functions"},"message":"[functions] Runtime ready! Sending request!"}}
[debug] [2022-07-22T16:02:57.548Z] [functions] Got req.url=/dropoutstore-8979d/asia-south1/bank, mapping to path=/ {"metadata":{"emulator":{"name":"functions"},"message":"[functions] Got req.url=/dropoutstore-8979d/asia-south1/bank, mapping to path=/"}}
[debug] [2022-07-22T16:02:57.568Z] [runtime-status] [14720] Ephemeral server handling POST request {"metadata":{"emulator":{"name":"functions"},"function":{"name":"asia-south1-bank"},"extension":{},"message":"[runtime-status] [14720] Ephemeral server handling POST request"}}
[info] >  {"verifications":{"app":"MISSING","auth":"MISSING"},"logging.googleapis.com/labels":{"firebase-log-type":"callable-request-verification"},"severity":"INFO","message":"Callable request verification passed"} {"user":{"verifications":{"app":"MISSING","auth":"MISSING"},"logging.googleapis.com/labels":{"firebase-log-type":"callable-request-verification"},"severity":"INFO","message":"Callable request verification passed"},"metadata":{"emulator":{"name":"functions"},"function":{"name":"asia-south1-bank"},"extension":{},"message":"\u001b[90m> \u001b[39m {\"verifications\":{\"app\":\"MISSING\",\"auth\":\"MISSING\"},\"logging.googleapis.com/labels\":{\"firebase-log-type\":\"callable-request-verification\"},\"severity\":\"INFO\",\"message\":\"Callable request verification passed\"}"}}
[debug] [2022-07-22T16:02:57.573Z] [runtime-status] [14720] Callable functions auth override {"key":"x-callable-context-auth","value":"%7B%22uid%22%3A%22vkBwomQjqnaTFKIEQkn62cQrJeg2%22%2C%22token%22%3A%7B%22iss%22%3A%22https%3A%2F%2Fsecuretoken.google.com%2Fdropoutstore-8979d%22%2C%22aud%22%3A%22dropoutstore-8979d%22%2C%22auth_time%22%3A1657789529%2C%22user_id%22%3A%22vkBwomQjqnaTFKIEQkn62cQrJeg2%22%2C%22sub%22%3A%22vkBwomQjqnaTFKIEQkn62cQrJeg2%22%2C%22iat%22%3A1658505547%2C%22exp%22%3A1658509147%2C%22email%22%3A%22kirandn30%40gmail.com%22%2C%22email_verified%22%3Atrue%2C%22firebase%22%3A%7B%22identities%22%3A%7B%22email%22%3A%5B%22kirandn30%40gmail.com%22%5D%7D%2C%22sign_in_provider%22%3A%22password%22%2C%22sign_in_second_factor%22%3A%22phone%22%2C%22second_factor_identifier%22%3A%22d8e9b25c-cdca-4cc9-8496-89b7a4c7a566%22%7D%2C%22uid%22%3A%22vkBwomQjqnaTFKIEQkn62cQrJeg2%22%7D%7D"} {"metadata":{"emulator":{"name":"functions"},"function":{"name":"asia-south1-bank"},"extension":{},"message":"[runtime-status] [14720] Callable functions auth override {\"key\":\"x-callable-context-auth\",\"value\":\"%7B%22uid%22%3A%22vkBwomQjqnaTFKIEQkn62cQrJeg2%22%2C%22token%22%3A%7B%22iss%22%3A%22https%3A%2F%2Fsecuretoken.google.com%2Fdropoutstore-8979d%22%2C%22aud%22%3A%22dropoutstore-8979d%22%2C%22auth_time%22%3A1657789529%2C%22user_id%22%3A%22vkBwomQjqnaTFKIEQkn62cQrJeg2%22%2C%22sub%22%3A%22vkBwomQjqnaTFKIEQkn62cQrJeg2%22%2C%22iat%22%3A1658505547%2C%22exp%22%3A1658509147%2C%22email%22%3A%22kirandn30%40gmail.com%22%2C%22email_verified%22%3Atrue%2C%22firebase%22%3A%7B%22identities%22%3A%7B%22email%22%3A%5B%22kirandn30%40gmail.com%22%5D%7D%2C%22sign_in_provider%22%3A%22password%22%2C%22sign_in_second_factor%22%3A%22phone%22%2C%22second_factor_identifier%22%3A%22d8e9b25c-cdca-4cc9-8496-89b7a4c7a566%22%7D%2C%22uid%22%3A%22vkBwomQjqnaTFKIEQkn62cQrJeg2%22%7D%7D\"}"}}
[info] >  node:fs:585 {"user":"node:fs:585\r","metadata":{"emulator":{"name":"functions"},"function":{"name":"asia-south1-bank"},"extension":{},"message":"\u001b[90m> \u001b[39m node:fs:585\r"}}
[info] >    handleErrorFromBinding(ctx); {"user":"  handleErrorFromBinding(ctx);\r","metadata":{"emulator":{"name":"functions"},"function":{"name":"asia-south1-bank"},"extension":{},"message":"\u001b[90m> \u001b[39m   handleErrorFromBinding(ctx);\r"}}
[info] >    ^ {"user":"  ^\r","metadata":{"emulator":{"name":"functions"},"function":{"name":"asia-south1-bank"},"extension":{},"message":"\u001b[90m> \u001b[39m   ^\r"}}
[info] >   {"user":"\r","metadata":{"emulator":{"name":"functions"},"function":{"name":"asia-south1-bank"},"extension":{},"message":"\u001b[90m> \u001b[39m \r"}}
[info] >  Error: ENOENT: no such file or directory, open './publickey/key.pem' {"user":"Error: ENOENT: no such file or directory, open './publickey/key.pem'\r","metadata":{"emulator":{"name":"functions"},"function":{"name":"asia-south1-bank"},"extension":{},"message":"\u001b[90m> \u001b[39m Error: ENOENT: no such file or directory, open './publickey/key.pem'\r"}}
[info] >      at Object.openSync (node:fs:585:3) {"user":"    at Object.openSync (node:fs:585:3)\r","metadata":{"emulator":{"name":"functions"},"function":{"name":"asia-south1-bank"},"extension":{},"message":"\u001b[90m> \u001b[39m     at Object.openSync (node:fs:585:3)\r"}}
[info] >      at Object.readFileSync (node:fs:453:35) {"user":"    at Object.readFileSync (node:fs:453:35)\r","metadata":{"emulator":{"name":"functions"},"function":{"name":"asia-south1-bank"},"extension":{},"message":"\u001b[90m> \u001b[39m     at Object.readFileSync (node:fs:453:35)\r"}}
[info] >      at Object.setPublicKey (C:\Users\kiran\OneDrive\Desktop\dos-admin-dashboard\functions\node_modules\cashfree-sdk\Payouts\constants.js:28:23) {"user":"    at Object.setPublicKey (C:\\Users\\kiran\\OneDrive\\Desktop\\dos-admin-dashboard\\functions\\node_modules\\cashfree-sdk\\Payouts\\constants.js:28:23)\r","metadata":{"emulator":{"name":"functions"},"function":{"name":"asia-south1-bank"},"extension":{},"message":"\u001b[90m> \u001b[39m     at Object.setPublicKey (C:\\Users\\kiran\\OneDrive\\Desktop\\dos-admin-dashboard\\functions\\node_modules\\cashfree-sdk\\Payouts\\constants.js:28:23)\r"}}
[info] >      at Object.Init (C:\Users\kiran\OneDrive\Desktop\dos-admin-dashboard\functions\node_modules\cashfree-sdk\Payouts\index.js:29:25) {"user":"    at Object.Init (C:\\Users\\kiran\\OneDrive\\Desktop\\dos-admin-dashboard\\functions\\node_modules\\cashfree-sdk\\Payouts\\index.js:29:25)\r","metadata":{"emulator":{"name":"functions"},"function":{"name":"asia-south1-bank"},"extension":{},"message":"\u001b[90m> \u001b[39m     at Object.Init (C:\\Users\\kiran\\OneDrive\\Desktop\\dos-admin-dashboard\\functions\\node_modules\\cashfree-sdk\\Payouts\\index.js:29:25)\r"}}
[info] >      at C:\Users\kiran\OneDrive\Desktop\dos-admin-dashboard\functions\lib\index.js:55:13 {"user":"    at C:\\Users\\kiran\\OneDrive\\Desktop\\dos-admin-dashboard\\functions\\lib\\index.js:55:13\r","metadata":{"emulator":{"name":"functions"},"function":{"name":"asia-south1-bank"},"extension":{},"message":"\u001b[90m> \u001b[39m     at C:\\Users\\kiran\\OneDrive\\Desktop\\dos-admin-dashboard\\functions\\lib\\index.js:55:13\r"}}
[info] >      at newHandler (C:\Users\kiran\AppData\Roaming\npm\node_modules\firebase-tools\lib\emulator\functionsEmulatorRuntime.js:319:16) {"user":"    at newHandler (C:\\Users\\kiran\\AppData\\Roaming\\npm\\node_modules\\firebase-tools\\lib\\emulator\\functionsEmulatorRuntime.js:319:16)\r","metadata":{"emulator":{"name":"functions"},"function":{"name":"asia-south1-bank"},"extension":{},"message":"\u001b[90m> \u001b[39m     at newHandler (C:\\Users\\kiran\\AppData\\Roaming\\npm\\node_modules\\firebase-tools\\lib\\emulator\\functionsEmulatorRuntime.js:319:16)\r"}}
[info] >      at fixedLen (C:\Users\kiran\OneDrive\Desktop\dos-admin-dashboard\functions\node_modules\firebase-functions\lib\providers\https.js:72:41) {"user":"    at fixedLen (C:\\Users\\kiran\\OneDrive\\Desktop\\dos-admin-dashboard\\functions\\node_modules\\firebase-functions\\lib\\providers\\https.js:72:41)\r","metadata":{"emulator":{"name":"functions"},"function":{"name":"asia-south1-bank"},"extension":{},"message":"\u001b[90m> \u001b[39m     at fixedLen (C:\\Users\\kiran\\OneDrive\\Desktop\\dos-admin-dashboard\\functions\\node_modules\\firebase-functions\\lib\\providers\\https.js:72:41)\r"}}
[info] >      at C:\Users\kiran\OneDrive\Desktop\dos-admin-dashboard\functions\node_modules\firebase-functions\lib\common\providers\https.js:407:32 {"user":"    at C:\\Users\\kiran\\OneDrive\\Desktop\\dos-admin-dashboard\\functions\\node_modules\\firebase-functions\\lib\\common\\providers\\https.js:407:32\r","metadata":{"emulator":{"name":"functions"},"function":{"name":"asia-south1-bank"},"extension":{},"message":"\u001b[90m> \u001b[39m     at C:\\Users\\kiran\\OneDrive\\Desktop\\dos-admin-dashboard\\functions\\node_modules\\firebase-functions\\lib\\common\\providers\\https.js:407:32\r"}}
[info] >      at processTicksAndRejections (node:internal/process/task_queues:96:5) {"user":"    at processTicksAndRejections (node:internal/process/task_queues:96:5)\r","metadata":{"emulator":{"name":"functions"},"function":{"name":"asia-south1-bank"},"extension":{},"message":"\u001b[90m> \u001b[39m     at processTicksAndRejections (node:internal/process/task_queues:96:5)\r"}}
[info] >      at async runFunction (C:\Users\kiran\AppData\Roaming\npm\node_modules\firebase-tools\lib\emulator\functionsEmulatorRuntime.js:565:9) { {"user":"    at async runFunction (C:\\Users\\kiran\\AppData\\Roaming\\npm\\node_modules\\firebase-tools\\lib\\emulator\\functionsEmulatorRuntime.js:565:9) {\r","metadata":{"emulator":{"name":"functions"},"function":{"name":"asia-south1-bank"},"extension":{},"message":"\u001b[90m> \u001b[39m     at async runFunction (C:\\Users\\kiran\\AppData\\Roaming\\npm\\node_modules\\firebase-tools\\lib\\emulator\\functionsEmulatorRuntime.js:565:9) {\r"}}
[info] >    errno: -4058, {"user":"  errno: -4058,\r","metadata":{"emulator":{"name":"functions"},"function":{"name":"asia-south1-bank"},"extension":{},"message":"\u001b[90m> \u001b[39m   errno: -4058,\r"}}
[info] >    syscall: 'open', {"user":"  syscall: 'open',\r","metadata":{"emulator":{"name":"functions"},"function":{"name":"asia-south1-bank"},"extension":{},"message":"\u001b[90m> \u001b[39m   syscall: 'open',\r"}}
[info] >    code: 'ENOENT', {"user":"  code: 'ENOENT',\r","metadata":{"emulator":{"name":"functions"},"function":{"name":"asia-south1-bank"},"extension":{},"message":"\u001b[90m> \u001b[39m   code: 'ENOENT',\r"}}
[info] >    path: './publickey/key.pem' {"user":"  path: './publickey/key.pem'\r","metadata":{"emulator":{"name":"functions"},"function":{"name":"asia-south1-bank"},"extension":{},"message":"\u001b[90m> \u001b[39m   path: './publickey/key.pem'\r"}}
[info] >  } {"user":"}\r","metadata":{"emulator":{"name":"functions"},"function":{"name":"asia-south1-bank"},"extension":{},"message":"\u001b[90m> \u001b[39m }\r"}}
[debug] [2022-07-22T16:02:57.637Z] [worker-asia-south1-bank-65e7f2be-c85f-4195-abe0-819401b92404]: exited {"metadata":{"emulator":{"name":"functions"},"message":"[worker-asia-south1-bank-65e7f2be-c85f-4195-abe0-819401b92404]: exited"}}
[debug] [2022-07-22T16:02:57.637Z] [worker-asia-south1-bank-65e7f2be-c85f-4195-abe0-819401b92404]: FINISHED {"metadata":{"emulator":{"name":"functions"},"message":"[worker-asia-south1-bank-65e7f2be-c85f-4195-abe0-819401b92404]: FINISHED"}}
[debug] [2022-07-22T16:02:57.637Z] [work-queue] {"queueLength":0,"workRunningCount":0}
[debug] [2022-07-22T16:06:58.220Z] File C:\Users\kiran\OneDrive\Desktop\dos-admin-dashboard\functions\src\index.ts changed, reloading triggers {"metadata":{"emulator":{"name":"functions"},"message":"File C:\\Users\\kiran\\OneDrive\\Desktop\\dos-admin-dashboard\\functions\\src\\index.ts changed, reloading triggers"}}
[debug] [2022-07-22T16:06:58.712Z] File C:\Users\kiran\OneDrive\Desktop\dos-admin-dashboard\functions\lib\index.js.map changed, reloading triggers {"metadata":{"emulator":{"name":"functions"},"message":"File C:\\Users\\kiran\\OneDrive\\Desktop\\dos-admin-dashboard\\functions\\lib\\index.js.map changed, reloading triggers"}}
[debug] [2022-07-22T16:06:58.717Z] File C:\Users\kiran\OneDrive\Desktop\dos-admin-dashboard\functions\lib\index.js changed, reloading triggers {"metadata":{"emulator":{"name":"functions"},"message":"File C:\\Users\\kiran\\OneDrive\\Desktop\\dos-admin-dashboard\\functions\\lib\\index.js changed, reloading triggers"}}
[debug] [2022-07-22T16:06:59.704Z] File C:\Users\kiran\OneDrive\Desktop\dos-admin-dashboard\functions\src\index.ts changed, reloading triggers {"metadata":{"emulator":{"name":"functions"},"message":"File C:\\Users\\kiran\\OneDrive\\Desktop\\dos-admin-dashboard\\functions\\src\\index.ts changed, reloading triggers"}}
[debug] [2022-07-22T16:07:00.713Z] [worker-pool] Shutting down IDLE worker (asia-south1-bank) {"metadata":{"emulator":{"name":"functions"},"message":"[worker-pool] Shutting down IDLE worker (asia-south1-bank)"}}
[debug] [2022-07-22T16:07:00.713Z] [worker-asia-south1-bank-d21801c3-8f4d-4ccb-960c-e3ba970b12b6]: FINISHING {"metadata":{"emulator":{"name":"functions"},"message":"[worker-asia-south1-bank-d21801c3-8f4d-4ccb-960c-e3ba970b12b6]: FINISHING"}}
[debug] [2022-07-22T16:07:00.715Z] Validating nodejs source
[debug] [2022-07-22T16:07:05.888Z] > [functions] package.json contents: {
  "name": "functions",
  "scripts": {
    "lint": "eslint --fix --ext .js,.ts .",
    "build": "tsc",
    "watch": "tsc -W",
    "serve": "npm run build && firebase emulators:start --only functions",
    "shell": "npm run build && firebase functions:shell",
    "start": "npm run shell",
    "deploy": "firebase deploy --only functions",
    "logs": "firebase functions:log",
    "kill": "npx kill-port 5000 5001 8080 8085 4000 9229"
  },
  "engines": {
    "node": "16"
  },
  "main": "lib/index.js",
  "dependencies": {
    "@cashfreepayments/cashfree-sdk": "^0.1.7",
    "api": "^4.5.1",
    "axios": "^0.27.2",
    "firebase-admin": "^10.0.2",
    "firebase-functions": "^3.22.0"
  },
  "devDependencies": {
    "@typescript-eslint/eslint-plugin": "^5.12.0",
    "@typescript-eslint/parser": "^5.12.0",
    "eslint": "^8.9.0",
    "eslint-config-google": "^0.14.0",
    "eslint-plugin-import": "^2.25.4",
    "firebase-functions-test": "^0.2.0",
    "typescript": "^4.5.4"
  },
  "private": true
}
[debug] [2022-07-22T16:07:05.889Z] Building nodejs source
[debug] [2022-07-22T16:07:05.889Z] Analyzing nodejs backend spec
[debug] [2022-07-22T16:07:05.891Z] [worker-asia-south1-bank-d21801c3-8f4d-4ccb-960c-e3ba970b12b6]: exited {"metadata":{"emulator":{"name":"functions"},"message":"[worker-asia-south1-bank-d21801c3-8f4d-4ccb-960c-e3ba970b12b6]: exited"}}
[debug] [2022-07-22T16:07:05.891Z] [worker-asia-south1-bank-d21801c3-8f4d-4ccb-960c-e3ba970b12b6]: FINISHED {"metadata":{"emulator":{"name":"functions"},"message":"[worker-asia-south1-bank-d21801c3-8f4d-4ccb-960c-e3ba970b12b6]: FINISHED"}}
[debug] [2022-07-22T16:07:05.892Z] Could not find functions.yaml. Must use http discovery
[debug] [2022-07-22T16:07:06.360Z] Serving at port 9005

[debug] [2022-07-22T16:07:06.546Z] Got response from /__/functions.yaml {"endpoints":{"docCreation":{"platform":"gcfv1","region":["asia-south1"],"eventTrigger":{"eventType":"providers/firebase.auth/eventTypes/user.create","eventFilters":{"resource":"projects/dropoutstore-8979d"},"retry":false},"labels":{},"entryPoint":"docCreation"},"createDocstorage":{"platform":"gcfv1","region":["asia-south1"],"eventTrigger":{"eventType":"google.storage.object.finalize","eventFilters":{"resource":"projects/_/buckets/dropoutstore-8979d.appspot.com"},"retry":false},"labels":{},"entryPoint":"createDocstorage"},"bank":{"platform":"gcfv1","labels":{},"region":["asia-south1"],"callableTrigger":{},"entryPoint":"bank"},"pan":{"platform":"gcfv1","labels":{},"region":["asia-south1"],"callableTrigger":{},"entryPoint":"pan"}},"specVersion":"v1alpha1","requiredAPIs":[]}
[debug] [2022-07-22T16:07:06.552Z] shutdown requested via /__/quitquitquit

[debug] [2022-07-22T16:07:33.744Z] File C:\Users\kiran\OneDrive\Desktop\dos-admin-dashboard\functions\src\index.ts changed, reloading triggers {"metadata":{"emulator":{"name":"functions"},"message":"File C:\\Users\\kiran\\OneDrive\\Desktop\\dos-admin-dashboard\\functions\\src\\index.ts changed, reloading triggers"}}
[debug] [2022-07-22T16:07:34.795Z] Validating nodejs source
[debug] [2022-07-22T16:07:38.820Z] > [functions] package.json contents: {
  "name": "functions",
  "scripts": {
    "lint": "eslint --fix --ext .js,.ts .",
    "build": "tsc",
    "watch": "tsc -W",
    "serve": "npm run build && firebase emulators:start --only functions",
    "shell": "npm run build && firebase functions:shell",
    "start": "npm run shell",
    "deploy": "firebase deploy --only functions",
    "logs": "firebase functions:log",
    "kill": "npx kill-port 5000 5001 8080 8085 4000 9229"
  },
  "engines": {
    "node": "16"
  },
  "main": "lib/index.js",
  "dependencies": {
    "@cashfreepayments/cashfree-sdk": "^0.1.7",
    "api": "^4.5.1",
    "axios": "^0.27.2",
    "firebase-admin": "^10.0.2",
    "firebase-functions": "^3.22.0"
  },
  "devDependencies": {
    "@typescript-eslint/eslint-plugin": "^5.12.0",
    "@typescript-eslint/parser": "^5.12.0",
    "eslint": "^8.9.0",
    "eslint-config-google": "^0.14.0",
    "eslint-plugin-import": "^2.25.4",
    "firebase-functions-test": "^0.2.0",
    "typescript": "^4.5.4"
  },
  "private": true
}
[debug] [2022-07-22T16:07:38.821Z] Building nodejs source
[debug] [2022-07-22T16:07:38.821Z] Analyzing nodejs backend spec
[debug] [2022-07-22T16:07:38.823Z] Could not find functions.yaml. Must use http discovery
[debug] [2022-07-22T16:07:38.846Z] File C:\Users\kiran\OneDrive\Desktop\dos-admin-dashboard\functions\lib\index.js.map changed, reloading triggers {"metadata":{"emulator":{"name":"functions"},"message":"File C:\\Users\\kiran\\OneDrive\\Desktop\\dos-admin-dashboard\\functions\\lib\\index.js.map changed, reloading triggers"}}
[debug] [2022-07-22T16:07:38.852Z] File C:\Users\kiran\OneDrive\Desktop\dos-admin-dashboard\functions\lib\index.js changed, reloading triggers {"metadata":{"emulator":{"name":"functions"},"message":"File C:\\Users\\kiran\\OneDrive\\Desktop\\dos-admin-dashboard\\functions\\lib\\index.js changed, reloading triggers"}}
[debug] [2022-07-22T16:07:39.288Z] Serving at port 9005

[debug] [2022-07-22T16:07:39.430Z] Got response from /__/functions.yaml {"endpoints":{"docCreation":{"platform":"gcfv1","region":["asia-south1"],"eventTrigger":{"eventType":"providers/firebase.auth/eventTypes/user.create","eventFilters":{"resource":"projects/dropoutstore-8979d"},"retry":false},"labels":{},"entryPoint":"docCreation"},"createDocstorage":{"platform":"gcfv1","region":["asia-south1"],"eventTrigger":{"eventType":"google.storage.object.finalize","eventFilters":{"resource":"projects/_/buckets/dropoutstore-8979d.appspot.com"},"retry":false},"labels":{},"entryPoint":"createDocstorage"},"bank":{"platform":"gcfv1","labels":{},"region":["asia-south1"],"callableTrigger":{},"entryPoint":"bank"},"pan":{"platform":"gcfv1","labels":{},"region":["asia-south1"],"callableTrigger":{},"entryPoint":"pan"}},"specVersion":"v1alpha1","requiredAPIs":[]}
[debug] [2022-07-22T16:07:39.436Z] shutdown requested via /__/quitquitquit

[debug] [2022-07-22T16:07:39.863Z] Validating nodejs source
[debug] [2022-07-22T16:07:43.482Z] > [functions] package.json contents: {
  "name": "functions",
  "scripts": {
    "lint": "eslint --fix --ext .js,.ts .",
    "build": "tsc",
    "watch": "tsc -W",
    "serve": "npm run build && firebase emulators:start --only functions",
    "shell": "npm run build && firebase functions:shell",
    "start": "npm run shell",
    "deploy": "firebase deploy --only functions",
    "logs": "firebase functions:log",
    "kill": "npx kill-port 5000 5001 8080 8085 4000 9229"
  },
  "engines": {
    "node": "16"
  },
  "main": "lib/index.js",
  "dependencies": {
    "@cashfreepayments/cashfree-sdk": "^0.1.7",
    "api": "^4.5.1",
    "axios": "^0.27.2",
    "firebase-admin": "^10.0.2",
    "firebase-functions": "^3.22.0"
  },
  "devDependencies": {
    "@typescript-eslint/eslint-plugin": "^5.12.0",
    "@typescript-eslint/parser": "^5.12.0",
    "eslint": "^8.9.0",
    "eslint-config-google": "^0.14.0",
    "eslint-plugin-import": "^2.25.4",
    "firebase-functions-test": "^0.2.0",
    "typescript": "^4.5.4"
  },
  "private": true
}
[debug] [2022-07-22T16:07:43.482Z] Building nodejs source
[debug] [2022-07-22T16:07:43.482Z] Analyzing nodejs backend spec
[debug] [2022-07-22T16:07:43.482Z] Could not find functions.yaml. Must use http discovery
[debug] [2022-07-22T16:07:43.916Z] Serving at port 9005

[debug] [2022-07-22T16:07:44.081Z] Got response from /__/functions.yaml {"endpoints":{"docCreation":{"platform":"gcfv1","region":["asia-south1"],"eventTrigger":{"eventType":"providers/firebase.auth/eventTypes/user.create","eventFilters":{"resource":"projects/dropoutstore-8979d"},"retry":false},"labels":{},"entryPoint":"docCreation"},"createDocstorage":{"platform":"gcfv1","region":["asia-south1"],"eventTrigger":{"eventType":"google.storage.object.finalize","eventFilters":{"resource":"projects/_/buckets/dropoutstore-8979d.appspot.com"},"retry":false},"labels":{},"entryPoint":"createDocstorage"},"bank":{"platform":"gcfv1","labels":{},"region":["asia-south1"],"callableTrigger":{},"entryPoint":"bank"},"pan":{"platform":"gcfv1","labels":{},"region":["asia-south1"],"callableTrigger":{},"entryPoint":"pan"}},"specVersion":"v1alpha1","requiredAPIs":[]}
[debug] [2022-07-22T16:07:44.091Z] shutdown requested via /__/quitquitquit

[debug] [2022-07-22T16:08:25.767Z] File C:\Users\kiran\OneDrive\Desktop\dos-admin-dashboard\functions\src\index.ts changed, reloading triggers {"metadata":{"emulator":{"name":"functions"},"message":"File C:\\Users\\kiran\\OneDrive\\Desktop\\dos-admin-dashboard\\functions\\src\\index.ts changed, reloading triggers"}}
[debug] [2022-07-22T16:08:26.325Z] File C:\Users\kiran\OneDrive\Desktop\dos-admin-dashboard\functions\src\index.ts changed, reloading triggers {"metadata":{"emulator":{"name":"functions"},"message":"File C:\\Users\\kiran\\OneDrive\\Desktop\\dos-admin-dashboard\\functions\\src\\index.ts changed, reloading triggers"}}
[debug] [2022-07-22T16:08:26.570Z] File C:\Users\kiran\OneDrive\Desktop\dos-admin-dashboard\functions\lib\index.js.map changed, reloading triggers {"metadata":{"emulator":{"name":"functions"},"message":"File C:\\Users\\kiran\\OneDrive\\Desktop\\dos-admin-dashboard\\functions\\lib\\index.js.map changed, reloading triggers"}}
[debug] [2022-07-22T16:08:26.574Z] File C:\Users\kiran\OneDrive\Desktop\dos-admin-dashboard\functions\lib\index.js changed, reloading triggers {"metadata":{"emulator":{"name":"functions"},"message":"File C:\\Users\\kiran\\OneDrive\\Desktop\\dos-admin-dashboard\\functions\\lib\\index.js changed, reloading triggers"}}
[debug] [2022-07-22T16:08:27.578Z] Validating nodejs source
[debug] [2022-07-22T16:08:32.211Z] > [functions] package.json contents: {
  "name": "functions",
  "scripts": {
    "lint": "eslint --fix --ext .js,.ts .",
    "build": "tsc",
    "watch": "tsc -W",
    "serve": "npm run build && firebase emulators:start --only functions",
    "shell": "npm run build && firebase functions:shell",
    "start": "npm run shell",
    "deploy": "firebase deploy --only functions",
    "logs": "firebase functions:log",
    "kill": "npx kill-port 5000 5001 8080 8085 4000 9229"
  },
  "engines": {
    "node": "16"
  },
  "main": "lib/index.js",
  "dependencies": {
    "@cashfreepayments/cashfree-sdk": "^0.1.7",
    "api": "^4.5.1",
    "axios": "^0.27.2",
    "firebase-admin": "^10.0.2",
    "firebase-functions": "^3.22.0"
  },
  "devDependencies": {
    "@typescript-eslint/eslint-plugin": "^5.12.0",
    "@typescript-eslint/parser": "^5.12.0",
    "eslint": "^8.9.0",
    "eslint-config-google": "^0.14.0",
    "eslint-plugin-import": "^2.25.4",
    "firebase-functions-test": "^0.2.0",
    "typescript": "^4.5.4"
  },
  "private": true
}
[debug] [2022-07-22T16:08:32.211Z] Building nodejs source
[debug] [2022-07-22T16:08:32.211Z] Analyzing nodejs backend spec
[debug] [2022-07-22T16:08:32.211Z] Could not find functions.yaml. Must use http discovery
[debug] [2022-07-22T16:08:32.713Z] Serving at port 9005

[debug] [2022-07-22T16:08:32.874Z] Got response from /__/functions.yaml {"endpoints":{"docCreation":{"platform":"gcfv1","region":["asia-south1"],"eventTrigger":{"eventType":"providers/firebase.auth/eventTypes/user.create","eventFilters":{"resource":"projects/dropoutstore-8979d"},"retry":false},"labels":{},"entryPoint":"docCreation"},"createDocstorage":{"platform":"gcfv1","region":["asia-south1"],"eventTrigger":{"eventType":"google.storage.object.finalize","eventFilters":{"resource":"projects/_/buckets/dropoutstore-8979d.appspot.com"},"retry":false},"labels":{},"entryPoint":"createDocstorage"},"bank":{"platform":"gcfv1","labels":{},"region":["asia-south1"],"callableTrigger":{},"entryPoint":"bank"},"pan":{"platform":"gcfv1","labels":{},"region":["asia-south1"],"callableTrigger":{},"entryPoint":"pan"}},"specVersion":"v1alpha1","requiredAPIs":[]}
[debug] [2022-07-22T16:08:32.881Z] shutdown requested via /__/quitquitquit

[debug] [2022-07-22T16:08:35.699Z] File C:\Users\kiran\OneDrive\Desktop\dos-admin-dashboard\functions\src\index.ts changed, reloading triggers {"metadata":{"emulator":{"name":"functions"},"message":"File C:\\Users\\kiran\\OneDrive\\Desktop\\dos-admin-dashboard\\functions\\src\\index.ts changed, reloading triggers"}}
[debug] [2022-07-22T16:08:35.998Z] File C:\Users\kiran\OneDrive\Desktop\dos-admin-dashboard\functions\src\index.ts changed, reloading triggers {"metadata":{"emulator":{"name":"functions"},"message":"File C:\\Users\\kiran\\OneDrive\\Desktop\\dos-admin-dashboard\\functions\\src\\index.ts changed, reloading triggers"}}
[debug] [2022-07-22T16:08:36.539Z] File C:\Users\kiran\OneDrive\Desktop\dos-admin-dashboard\functions\lib\index.js.map changed, reloading triggers {"metadata":{"emulator":{"name":"functions"},"message":"File C:\\Users\\kiran\\OneDrive\\Desktop\\dos-admin-dashboard\\functions\\lib\\index.js.map changed, reloading triggers"}}
[debug] [2022-07-22T16:08:36.539Z] File C:\Users\kiran\OneDrive\Desktop\dos-admin-dashboard\functions\lib\index.js changed, reloading triggers {"metadata":{"emulator":{"name":"functions"},"message":"File C:\\Users\\kiran\\OneDrive\\Desktop\\dos-admin-dashboard\\functions\\lib\\index.js changed, reloading triggers"}}
[debug] [2022-07-22T16:08:37.554Z] Validating nodejs source
[debug] [2022-07-22T16:08:41.868Z] > [functions] package.json contents: {
  "name": "functions",
  "scripts": {
    "lint": "eslint --fix --ext .js,.ts .",
    "build": "tsc",
    "watch": "tsc -W",
    "serve": "npm run build && firebase emulators:start --only functions",
    "shell": "npm run build && firebase functions:shell",
    "start": "npm run shell",
    "deploy": "firebase deploy --only functions",
    "logs": "firebase functions:log",
    "kill": "npx kill-port 5000 5001 8080 8085 4000 9229"
  },
  "engines": {
    "node": "16"
  },
  "main": "lib/index.js",
  "dependencies": {
    "@cashfreepayments/cashfree-sdk": "^0.1.7",
    "api": "^4.5.1",
    "axios": "^0.27.2",
    "firebase-admin": "^10.0.2",
    "firebase-functions": "^3.22.0"
  },
  "devDependencies": {
    "@typescript-eslint/eslint-plugin": "^5.12.0",
    "@typescript-eslint/parser": "^5.12.0",
    "eslint": "^8.9.0",
    "eslint-config-google": "^0.14.0",
    "eslint-plugin-import": "^2.25.4",
    "firebase-functions-test": "^0.2.0",
    "typescript": "^4.5.4"
  },
  "private": true
}
[debug] [2022-07-22T16:08:41.868Z] Building nodejs source
[debug] [2022-07-22T16:08:41.868Z] Analyzing nodejs backend spec
[debug] [2022-07-22T16:08:41.869Z] Could not find functions.yaml. Must use http discovery
[debug] [2022-07-22T16:08:42.290Z] Serving at port 9005

[debug] [2022-07-22T16:08:42.438Z] Got response from /__/functions.yaml {"endpoints":{"docCreation":{"platform":"gcfv1","region":["asia-south1"],"eventTrigger":{"eventType":"providers/firebase.auth/eventTypes/user.create","eventFilters":{"resource":"projects/dropoutstore-8979d"},"retry":false},"labels":{},"entryPoint":"docCreation"},"createDocstorage":{"platform":"gcfv1","region":["asia-south1"],"eventTrigger":{"eventType":"google.storage.object.finalize","eventFilters":{"resource":"projects/_/buckets/dropoutstore-8979d.appspot.com"},"retry":false},"labels":{},"entryPoint":"createDocstorage"},"bank":{"platform":"gcfv1","labels":{},"region":["asia-south1"],"callableTrigger":{},"entryPoint":"bank"},"pan":{"platform":"gcfv1","labels":{},"region":["asia-south1"],"callableTrigger":{},"entryPoint":"pan"}},"specVersion":"v1alpha1","requiredAPIs":[]}
[debug] [2022-07-22T16:08:42.444Z] shutdown requested via /__/quitquitquit

[debug] [2022-07-22T16:09:06.930Z] File C:\Users\kiran\OneDrive\Desktop\dos-admin-dashboard\functions\src\index.ts changed, reloading triggers {"metadata":{"emulator":{"name":"functions"},"message":"File C:\\Users\\kiran\\OneDrive\\Desktop\\dos-admin-dashboard\\functions\\src\\index.ts changed, reloading triggers"}}
[debug] [2022-07-22T16:09:07.932Z] Validating nodejs source
[debug] [2022-07-22T16:09:12.192Z] > [functions] package.json contents: {
  "name": "functions",
  "scripts": {
    "lint": "eslint --fix --ext .js,.ts .",
    "build": "tsc",
    "watch": "tsc -W",
    "serve": "npm run build && firebase emulators:start --only functions",
    "shell": "npm run build && firebase functions:shell",
    "start": "npm run shell",
    "deploy": "firebase deploy --only functions",
    "logs": "firebase functions:log",
    "kill": "npx kill-port 5000 5001 8080 8085 4000 9229"
  },
  "engines": {
    "node": "16"
  },
  "main": "lib/index.js",
  "dependencies": {
    "@cashfreepayments/cashfree-sdk": "^0.1.7",
    "api": "^4.5.1",
    "axios": "^0.27.2",
    "firebase-admin": "^10.0.2",
    "firebase-functions": "^3.22.0"
  },
  "devDependencies": {
    "@typescript-eslint/eslint-plugin": "^5.12.0",
    "@typescript-eslint/parser": "^5.12.0",
    "eslint": "^8.9.0",
    "eslint-config-google": "^0.14.0",
    "eslint-plugin-import": "^2.25.4",
    "firebase-functions-test": "^0.2.0",
    "typescript": "^4.5.4"
  },
  "private": true
}
[debug] [2022-07-22T16:09:12.192Z] Building nodejs source
[debug] [2022-07-22T16:09:12.192Z] Analyzing nodejs backend spec
[debug] [2022-07-22T16:09:12.195Z] Could not find functions.yaml. Must use http discovery
[debug] [2022-07-22T16:09:12.669Z] Serving at port 9005

[debug] [2022-07-22T16:09:12.868Z] Got response from /__/functions.yaml {"endpoints":{"docCreation":{"platform":"gcfv1","region":["asia-south1"],"eventTrigger":{"eventType":"providers/firebase.auth/eventTypes/user.create","eventFilters":{"resource":"projects/dropoutstore-8979d"},"retry":false},"labels":{},"entryPoint":"docCreation"},"createDocstorage":{"platform":"gcfv1","region":["asia-south1"],"eventTrigger":{"eventType":"google.storage.object.finalize","eventFilters":{"resource":"projects/_/buckets/dropoutstore-8979d.appspot.com"},"retry":false},"labels":{},"entryPoint":"createDocstorage"},"bank":{"platform":"gcfv1","labels":{},"region":["asia-south1"],"callableTrigger":{},"entryPoint":"bank"},"pan":{"platform":"gcfv1","labels":{},"region":["asia-south1"],"callableTrigger":{},"entryPoint":"pan"}},"specVersion":"v1alpha1","requiredAPIs":[]}
[debug] [2022-07-22T16:09:12.874Z] shutdown requested via /__/quitquitquit

[debug] [2022-07-22T16:09:49.089Z] File C:\Users\kiran\OneDrive\Desktop\dos-admin-dashboard\functions\src\index.ts changed, reloading triggers {"metadata":{"emulator":{"name":"functions"},"message":"File C:\\Users\\kiran\\OneDrive\\Desktop\\dos-admin-dashboard\\functions\\src\\index.ts changed, reloading triggers"}}
[debug] [2022-07-22T16:09:49.584Z] File C:\Users\kiran\OneDrive\Desktop\dos-admin-dashboard\functions\lib\index.js.map changed, reloading triggers {"metadata":{"emulator":{"name":"functions"},"message":"File C:\\Users\\kiran\\OneDrive\\Desktop\\dos-admin-dashboard\\functions\\lib\\index.js.map changed, reloading triggers"}}
[debug] [2022-07-22T16:09:49.589Z] File C:\Users\kiran\OneDrive\Desktop\dos-admin-dashboard\functions\lib\index.js changed, reloading triggers {"metadata":{"emulator":{"name":"functions"},"message":"File C:\\Users\\kiran\\OneDrive\\Desktop\\dos-admin-dashboard\\functions\\lib\\index.js changed, reloading triggers"}}
[debug] [2022-07-22T16:09:50.604Z] Validating nodejs source
[debug] [2022-07-22T16:09:55.276Z] > [functions] package.json contents: {
  "name": "functions",
  "scripts": {
    "lint": "eslint --fix --ext .js,.ts .",
    "build": "tsc",
    "watch": "tsc -W",
    "serve": "npm run build && firebase emulators:start --only functions",
    "shell": "npm run build && firebase functions:shell",
    "start": "npm run shell",
    "deploy": "firebase deploy --only functions",
    "logs": "firebase functions:log",
    "kill": "npx kill-port 5000 5001 8080 8085 4000 9229"
  },
  "engines": {
    "node": "16"
  },
  "main": "lib/index.js",
  "dependencies": {
    "@cashfreepayments/cashfree-sdk": "^0.1.7",
    "api": "^4.5.1",
    "axios": "^0.27.2",
    "firebase-admin": "^10.0.2",
    "firebase-functions": "^3.22.0"
  },
  "devDependencies": {
    "@typescript-eslint/eslint-plugin": "^5.12.0",
    "@typescript-eslint/parser": "^5.12.0",
    "eslint": "^8.9.0",
    "eslint-config-google": "^0.14.0",
    "eslint-plugin-import": "^2.25.4",
    "firebase-functions-test": "^0.2.0",
    "typescript": "^4.5.4"
  },
  "private": true
}
[debug] [2022-07-22T16:09:55.277Z] Building nodejs source
[debug] [2022-07-22T16:09:55.277Z] Analyzing nodejs backend spec
[debug] [2022-07-22T16:09:55.277Z] Could not find functions.yaml. Must use http discovery
[debug] [2022-07-22T16:09:55.785Z] Serving at port 9005

[debug] [2022-07-22T16:09:55.954Z] Got response from /__/functions.yaml {"endpoints":{"docCreation":{"platform":"gcfv1","region":["asia-south1"],"eventTrigger":{"eventType":"providers/firebase.auth/eventTypes/user.create","eventFilters":{"resource":"projects/dropoutstore-8979d"},"retry":false},"labels":{},"entryPoint":"docCreation"},"createDocstorage":{"platform":"gcfv1","region":["asia-south1"],"eventTrigger":{"eventType":"google.storage.object.finalize","eventFilters":{"resource":"projects/_/buckets/dropoutstore-8979d.appspot.com"},"retry":false},"labels":{},"entryPoint":"createDocstorage"},"bank":{"platform":"gcfv1","labels":{},"region":["asia-south1"],"callableTrigger":{},"entryPoint":"bank"},"pan":{"platform":"gcfv1","labels":{},"region":["asia-south1"],"callableTrigger":{},"entryPoint":"pan"}},"specVersion":"v1alpha1","requiredAPIs":[]}
[debug] [2022-07-22T16:09:55.961Z] shutdown requested via /__/quitquitquit

[debug] [2022-07-22T16:10:02.551Z] File C:\Users\kiran\OneDrive\Desktop\dos-admin-dashboard\functions\src\index.ts changed, reloading triggers {"metadata":{"emulator":{"name":"functions"},"message":"File C:\\Users\\kiran\\OneDrive\\Desktop\\dos-admin-dashboard\\functions\\src\\index.ts changed, reloading triggers"}}
[debug] [2022-07-22T16:10:03.031Z] File C:\Users\kiran\OneDrive\Desktop\dos-admin-dashboard\functions\src\index.ts changed, reloading triggers {"metadata":{"emulator":{"name":"functions"},"message":"File C:\\Users\\kiran\\OneDrive\\Desktop\\dos-admin-dashboard\\functions\\src\\index.ts changed, reloading triggers"}}
[debug] [2022-07-22T16:10:03.102Z] File C:\Users\kiran\OneDrive\Desktop\dos-admin-dashboard\functions\lib\index.js.map changed, reloading triggers {"metadata":{"emulator":{"name":"functions"},"message":"File C:\\Users\\kiran\\OneDrive\\Desktop\\dos-admin-dashboard\\functions\\lib\\index.js.map changed, reloading triggers"}}
[debug] [2022-07-22T16:10:03.102Z] File C:\Users\kiran\OneDrive\Desktop\dos-admin-dashboard\functions\lib\index.js changed, reloading triggers {"metadata":{"emulator":{"name":"functions"},"message":"File C:\\Users\\kiran\\OneDrive\\Desktop\\dos-admin-dashboard\\functions\\lib\\index.js changed, reloading triggers"}}
[debug] [2022-07-22T16:10:04.110Z] Validating nodejs source
[debug] [2022-07-22T16:10:08.281Z] > [functions] package.json contents: {
  "name": "functions",
  "scripts": {
    "lint": "eslint --fix --ext .js,.ts .",
    "build": "tsc",
    "watch": "tsc -W",
    "serve": "npm run build && firebase emulators:start --only functions",
    "shell": "npm run build && firebase functions:shell",
    "start": "npm run shell",
    "deploy": "firebase deploy --only functions",
    "logs": "firebase functions:log",
    "kill": "npx kill-port 5000 5001 8080 8085 4000 9229"
  },
  "engines": {
    "node": "16"
  },
  "main": "lib/index.js",
  "dependencies": {
    "@cashfreepayments/cashfree-sdk": "^0.1.7",
    "api": "^4.5.1",
    "axios": "^0.27.2",
    "firebase-admin": "^10.0.2",
    "firebase-functions": "^3.22.0"
  },
  "devDependencies": {
    "@typescript-eslint/eslint-plugin": "^5.12.0",
    "@typescript-eslint/parser": "^5.12.0",
    "eslint": "^8.9.0",
    "eslint-config-google": "^0.14.0",
    "eslint-plugin-import": "^2.25.4",
    "firebase-functions-test": "^0.2.0",
    "typescript": "^4.5.4"
  },
  "private": true
}
[debug] [2022-07-22T16:10:08.281Z] Building nodejs source
[debug] [2022-07-22T16:10:08.281Z] Analyzing nodejs backend spec
[debug] [2022-07-22T16:10:08.281Z] Could not find functions.yaml. Must use http discovery
[debug] [2022-07-22T16:10:08.767Z] Serving at port 9005

[debug] [2022-07-22T16:10:08.922Z] Got response from /__/functions.yaml {"endpoints":{"docCreation":{"platform":"gcfv1","region":["asia-south1"],"eventTrigger":{"eventType":"providers/firebase.auth/eventTypes/user.create","eventFilters":{"resource":"projects/dropoutstore-8979d"},"retry":false},"labels":{},"entryPoint":"docCreation"},"createDocstorage":{"platform":"gcfv1","region":["asia-south1"],"eventTrigger":{"eventType":"google.storage.object.finalize","eventFilters":{"resource":"projects/_/buckets/dropoutstore-8979d.appspot.com"},"retry":false},"labels":{},"entryPoint":"createDocstorage"},"bank":{"platform":"gcfv1","labels":{},"region":["asia-south1"],"callableTrigger":{},"entryPoint":"bank"},"pan":{"platform":"gcfv1","labels":{},"region":["asia-south1"],"callableTrigger":{},"entryPoint":"pan"}},"specVersion":"v1alpha1","requiredAPIs":[]}
[debug] [2022-07-22T16:10:08.929Z] shutdown requested via /__/quitquitquit

[debug] [2022-07-22T16:11:26.170Z] File C:\Users\kiran\OneDrive\Desktop\dos-admin-dashboard\functions\src\index.ts changed, reloading triggers {"metadata":{"emulator":{"name":"functions"},"message":"File C:\\Users\\kiran\\OneDrive\\Desktop\\dos-admin-dashboard\\functions\\src\\index.ts changed, reloading triggers"}}
[debug] [2022-07-22T16:11:26.438Z] File C:\Users\kiran\OneDrive\Desktop\dos-admin-dashboard\functions\src\index.ts changed, reloading triggers {"metadata":{"emulator":{"name":"functions"},"message":"File C:\\Users\\kiran\\OneDrive\\Desktop\\dos-admin-dashboard\\functions\\src\\index.ts changed, reloading triggers"}}
[debug] [2022-07-22T16:11:26.618Z] File C:\Users\kiran\OneDrive\Desktop\dos-admin-dashboard\functions\src\index.ts changed, reloading triggers {"metadata":{"emulator":{"name":"functions"},"message":"File C:\\Users\\kiran\\OneDrive\\Desktop\\dos-admin-dashboard\\functions\\src\\index.ts changed, reloading triggers"}}
[debug] [2022-07-22T16:11:26.894Z] File C:\Users\kiran\OneDrive\Desktop\dos-admin-dashboard\functions\lib\index.js.map changed, reloading triggers {"metadata":{"emulator":{"name":"functions"},"message":"File C:\\Users\\kiran\\OneDrive\\Desktop\\dos-admin-dashboard\\functions\\lib\\index.js.map changed, reloading triggers"}}
[debug] [2022-07-22T16:11:26.894Z] File C:\Users\kiran\OneDrive\Desktop\dos-admin-dashboard\functions\lib\index.js changed, reloading triggers {"metadata":{"emulator":{"name":"functions"},"message":"File C:\\Users\\kiran\\OneDrive\\Desktop\\dos-admin-dashboard\\functions\\lib\\index.js changed, reloading triggers"}}
[debug] [2022-07-22T16:11:27.909Z] Validating nodejs source
[debug] [2022-07-22T16:11:32.008Z] > [functions] package.json contents: {
  "name": "functions",
  "scripts": {
    "lint": "eslint --fix --ext .js,.ts .",
    "build": "tsc",
    "watch": "tsc -W",
    "serve": "npm run build && firebase emulators:start --only functions",
    "shell": "npm run build && firebase functions:shell",
    "start": "npm run shell",
    "deploy": "firebase deploy --only functions",
    "logs": "firebase functions:log",
    "kill": "npx kill-port 5000 5001 8080 8085 4000 9229"
  },
  "engines": {
    "node": "16"
  },
  "main": "lib/index.js",
  "dependencies": {
    "@cashfreepayments/cashfree-sdk": "^0.1.7",
    "api": "^4.5.1",
    "axios": "^0.27.2",
    "firebase-admin": "^10.0.2",
    "firebase-functions": "^3.22.0"
  },
  "devDependencies": {
    "@typescript-eslint/eslint-plugin": "^5.12.0",
    "@typescript-eslint/parser": "^5.12.0",
    "eslint": "^8.9.0",
    "eslint-config-google": "^0.14.0",
    "eslint-plugin-import": "^2.25.4",
    "firebase-functions-test": "^0.2.0",
    "typescript": "^4.5.4"
  },
  "private": true
}
[debug] [2022-07-22T16:11:32.008Z] Building nodejs source
[debug] [2022-07-22T16:11:32.008Z] Analyzing nodejs backend spec
[debug] [2022-07-22T16:11:32.009Z] Could not find functions.yaml. Must use http discovery
[debug] [2022-07-22T16:11:32.473Z] Serving at port 9005

[debug] [2022-07-22T16:11:32.640Z] Got response from /__/functions.yaml {"endpoints":{"docCreation":{"platform":"gcfv1","region":["asia-south1"],"eventTrigger":{"eventType":"providers/firebase.auth/eventTypes/user.create","eventFilters":{"resource":"projects/dropoutstore-8979d"},"retry":false},"labels":{},"entryPoint":"docCreation"},"createDocstorage":{"platform":"gcfv1","region":["asia-south1"],"eventTrigger":{"eventType":"google.storage.object.finalize","eventFilters":{"resource":"projects/_/buckets/dropoutstore-8979d.appspot.com"},"retry":false},"labels":{},"entryPoint":"createDocstorage"},"bank":{"platform":"gcfv1","labels":{},"region":["asia-south1"],"callableTrigger":{},"entryPoint":"bank"},"pan":{"platform":"gcfv1","labels":{},"region":["asia-south1"],"callableTrigger":{},"entryPoint":"pan"}},"specVersion":"v1alpha1","requiredAPIs":[]}
[debug] [2022-07-22T16:11:32.646Z] shutdown requested via /__/quitquitquit

