[debug] [2022-05-31T15:46:40.186Z] ----------------------------------------------------------------------
[debug] [2022-05-31T15:46:40.189Z] Command:       C:\Program Files\nodejs\node.exe C:\Users\kiran\AppData\Roaming\npm\node_modules\firebase-tools\lib\bin\firebase.js deploy --only functions
[debug] [2022-05-31T15:46:40.190Z] CLI Version:   11.0.1
[debug] [2022-05-31T15:46:40.190Z] Platform:      win32
[debug] [2022-05-31T15:46:40.190Z] Node Version:  v16.13.2
[debug] [2022-05-31T15:46:40.191Z] Time:          Tue May 31 2022 21:16:40 GMT+0530 (India Standard Time)
[debug] [2022-05-31T15:46:40.192Z] ----------------------------------------------------------------------
[debug] 
[debug] [2022-05-31T15:46:40.285Z] > command requires scopes: ["email","openid","https://www.googleapis.com/auth/cloudplatformprojects.readonly","https://www.googleapis.com/auth/firebase","https://www.googleapis.com/auth/cloud-platform"]
[debug] [2022-05-31T15:46:40.286Z] > authorizing via signed-in user (kirandn30@gmail.com)
[debug] [2022-05-31T15:46:40.286Z] [iam] checking project dropoutstore-8979d for permissions ["cloudfunctions.functions.create","cloudfunctions.functions.delete","cloudfunctions.functions.get","cloudfunctions.functions.list","cloudfunctions.functions.update","cloudfunctions.operations.get","firebase.projects.get"]
[debug] [2022-05-31T15:46:40.289Z] >>> [apiv2][query] POST https://cloudresourcemanager.googleapis.com/v1/projects/dropoutstore-8979d:testIamPermissions [none]
[debug] [2022-05-31T15:46:40.290Z] >>> [apiv2][body] POST https://cloudresourcemanager.googleapis.com/v1/projects/dropoutstore-8979d:testIamPermissions {"permissions":["cloudfunctions.functions.create","cloudfunctions.functions.delete","cloudfunctions.functions.get","cloudfunctions.functions.list","cloudfunctions.functions.update","cloudfunctions.operations.get","firebase.projects.get"]}
[debug] [2022-05-31T15:46:41.547Z] <<< [apiv2][status] POST https://cloudresourcemanager.googleapis.com/v1/projects/dropoutstore-8979d:testIamPermissions 200
[debug] [2022-05-31T15:46:41.547Z] <<< [apiv2][body] POST https://cloudresourcemanager.googleapis.com/v1/projects/dropoutstore-8979d:testIamPermissions {"permissions":["cloudfunctions.functions.create","cloudfunctions.functions.delete","cloudfunctions.functions.get","cloudfunctions.functions.list","cloudfunctions.functions.update","cloudfunctions.operations.get","firebase.projects.get"]}
[debug] [2022-05-31T15:46:41.548Z] >>> [apiv2][query] POST https://iam.googleapis.com/v1/projects/dropoutstore-8979d/serviceAccounts/dropoutstore-8979d@appspot.gserviceaccount.com:testIamPermissions [none]
[debug] [2022-05-31T15:46:41.548Z] >>> [apiv2][body] POST https://iam.googleapis.com/v1/projects/dropoutstore-8979d/serviceAccounts/dropoutstore-8979d@appspot.gserviceaccount.com:testIamPermissions {"permissions":["iam.serviceAccounts.actAs"]}
[debug] [2022-05-31T15:46:42.889Z] <<< [apiv2][status] POST https://iam.googleapis.com/v1/projects/dropoutstore-8979d/serviceAccounts/dropoutstore-8979d@appspot.gserviceaccount.com:testIamPermissions 200
[debug] [2022-05-31T15:46:42.889Z] <<< [apiv2][body] POST https://iam.googleapis.com/v1/projects/dropoutstore-8979d/serviceAccounts/dropoutstore-8979d@appspot.gserviceaccount.com:testIamPermissions {"permissions":["iam.serviceAccounts.actAs"]}
[info] 
[info] === Deploying to 'dropoutstore-8979d'...
[info] 
[info] i  deploying functions 
[info] Running command: npm --prefix "$RESOURCE_DIR" run lint
[info] Running command: npm --prefix "$RESOURCE_DIR" run build
