[debug] [2022-07-20T19:11:02.116Z] ----------------------------------------------------------------------
[debug] [2022-07-20T19:11:02.119Z] Command:       C:\Program Files\nodejs\node.exe C:\Users\kiran\AppData\Roaming\npm\node_modules\firebase-tools\lib\bin\firebase.js emulators:start
[debug] [2022-07-20T19:11:02.120Z] CLI Version:   11.1.0
[debug] [2022-07-20T19:11:02.120Z] Platform:      win32
[debug] [2022-07-20T19:11:02.121Z] Node Version:  v16.13.2
[debug] [2022-07-20T19:11:02.122Z] Time:          Thu Jul 21 2022 00:41:02 GMT+0530 (India Standard Time)
[debug] [2022-07-20T19:11:02.122Z] ----------------------------------------------------------------------
[debug] 
[debug] [2022-07-20T19:11:02.224Z] > command requires scopes: ["email","openid","https://www.googleapis.com/auth/cloudplatformprojects.readonly","https://www.googleapis.com/auth/firebase","https://www.googleapis.com/auth/cloud-platform"]
[debug] [2022-07-20T19:11:02.225Z] > authorizing via signed-in user (dropoutstore94@gmail.com)
[debug] [2022-07-20T19:11:02.425Z] java version "18.0.1.1" 2022-04-22

[debug] [2022-07-20T19:11:02.425Z] Java(TM) SE Runtime Environment (build 18.0.1.1+2-6)
Java HotSpot(TM) 64-Bit Server VM (build 18.0.1.1+2-6, mixed mode, sharing)

[debug] [2022-07-20T19:11:02.446Z] Parsed Java major version: 18
[info] i  emulators: Starting emulators: auth, functions, firestore, hosting, storage {"metadata":{"emulator":{"name":"hub"},"message":"Starting emulators: auth, functions, firestore, hosting, storage"}}
[debug] [2022-07-20T19:11:02.495Z] [hub] writing locator at C:\Users\kiran\AppData\Local\Temp\hub-dropoutstore-8979d.json
[warn] !  functions: The following emulators are not running, calls to these services from the Functions emulator will affect production: database, pubsub {"metadata":{"emulator":{"name":"functions"},"message":"The following emulators are not running, calls to these services from the Functions emulator will affect production: \u001b[1mdatabase, pubsub\u001b[22m"}}
[info] +  functions: Using node@16 from host. {"metadata":{"emulator":{"name":"functions"},"message":"Using node@16 from host."}}
[debug] [2022-07-20T19:11:02.548Z] defaultcredentials: writing to file C:\Users\kiran\AppData\Roaming\firebase\dropoutstore94_gmail_com_application_default_credentials.json
[debug] [2022-07-20T19:11:02.550Z] Setting GAC to C:\Users\kiran\AppData\Roaming\firebase\dropoutstore94_gmail_com_application_default_credentials.json {"metadata":{"emulator":{"name":"functions"},"message":"Setting GAC to C:\\Users\\kiran\\AppData\\Roaming\\firebase\\dropoutstore94_gmail_com_application_default_credentials.json"}}
[debug] [2022-07-20T19:11:02.556Z] >>> [apiv2][query] GET https://firebase.googleapis.com/v1beta1/projects/dropoutstore-8979d/adminSdkConfig [none]
[debug] [2022-07-20T19:11:02.980Z] <<< [apiv2][status] GET https://firebase.googleapis.com/v1beta1/projects/dropoutstore-8979d/adminSdkConfig 200
[debug] [2022-07-20T19:11:02.981Z] <<< [apiv2][body] GET https://firebase.googleapis.com/v1beta1/projects/dropoutstore-8979d/adminSdkConfig {"projectId":"dropoutstore-8979d","databaseURL":"https://dropoutstore-8979d-default-rtdb.asia-southeast1.firebasedatabase.app","storageBucket":"dropoutstore-8979d.appspot.com","locationId":"asia-south1"}
[debug] [2022-07-20T19:11:03.007Z] Ignoring unsupported arg: projectId {"metadata":{"emulator":{"name":"firestore"},"message":"Ignoring unsupported arg: projectId"}}
[debug] [2022-07-20T19:11:03.007Z] Ignoring unsupported arg: auto_download {"metadata":{"emulator":{"name":"firestore"},"message":"Ignoring unsupported arg: auto_download"}}
[debug] [2022-07-20T19:11:03.007Z] Starting Firestore Emulator with command {"binary":"java","args":["-Dgoogle.cloud_firestore.debug_log_level=FINE","-Duser.language=en","-jar","C:\\Users\\kiran\\.cache\\firebase\\emulators\\cloud-firestore-emulator-v1.14.3.jar","--host","localhost","--port",8080,"--rules","C:\\Users\\kiran\\OneDrive\\Desktop\\dos-admin-dashboard\\firestore.rules","--functions_emulator","localhost:5001"],"optionalArgs":["port","webchannel_port","host","rules","functions_emulator","seed_from_export"],"joinArgs":false} {"metadata":{"emulator":{"name":"firestore"},"message":"Starting Firestore Emulator with command {\"binary\":\"java\",\"args\":[\"-Dgoogle.cloud_firestore.debug_log_level=FINE\",\"-Duser.language=en\",\"-jar\",\"C:\\\\Users\\\\kiran\\\\.cache\\\\firebase\\\\emulators\\\\cloud-firestore-emulator-v1.14.3.jar\",\"--host\",\"localhost\",\"--port\",8080,\"--rules\",\"C:\\\\Users\\\\kiran\\\\OneDrive\\\\Desktop\\\\dos-admin-dashboard\\\\firestore.rules\",\"--functions_emulator\",\"localhost:5001\"],\"optionalArgs\":[\"port\",\"webchannel_port\",\"host\",\"rules\",\"functions_emulator\",\"seed_from_export\"],\"joinArgs\":false}"}}
[info] i  firestore: Firestore Emulator logging to firestore-debug.log {"metadata":{"emulator":{"name":"firestore"},"message":"Firestore Emulator logging to \u001b[1mfirestore-debug.log\u001b[22m"}}
[debug] [2022-07-20T19:11:15.426Z] Ignoring unsupported arg: port {"metadata":{"emulator":{"name":"storage"},"message":"Ignoring unsupported arg: port"}}
[debug] [2022-07-20T19:11:16.821Z] Temp file directory for storage emulator: C:\Users\kiran\AppData\Local\Temp/firebase/storage/blobs {"metadata":{"emulator":{"name":"storage"},"message":"Temp file directory for storage emulator: C:\\Users\\kiran\\AppData\\Local\\Temp/firebase/storage/blobs"}}
[debug] [2022-07-20T19:11:17.091Z] >>> [apiv2][query] GET https://firebasehosting.googleapis.com/v1beta1/projects/dropoutstore-8979d/sites 
[debug] [2022-07-20T19:11:18.799Z] <<< [apiv2][status] GET https://firebasehosting.googleapis.com/v1beta1/projects/dropoutstore-8979d/sites 200
[debug] [2022-07-20T19:11:18.799Z] <<< [apiv2][body] GET https://firebasehosting.googleapis.com/v1beta1/projects/dropoutstore-8979d/sites {"sites":[{"name":"projects/dropoutstore-8979d/sites/dos-staff","defaultUrl":"https://dos-staff.web.app","appId":"1:300563119027:web:7072a772945269704669c6","type":"USER_SITE"},{"name":"projects/dropoutstore-8979d/sites/dos-website","defaultUrl":"https://dos-website.web.app","appId":"1:300563119027:web:6cfb788cff98f9804669c6","type":"USER_SITE"},{"name":"projects/dropoutstore-8979d/sites/dosdesigners","defaultUrl":"https://dosdesigners.web.app","appId":"1:300563119027:web:f3b9cf2fd496cebd4669c6","type":"USER_SITE"},{"name":"projects/dropoutstore-8979d/sites/dropoutstore-8979d","defaultUrl":"https://dropoutstore-8979d.web.app","appId":"1:300563119027:web:fefd76170953e8b14669c6","type":"DEFAULT_SITE"},{"name":"projects/dropoutstore-8979d/sites/request-tutorial-94f7a","defaultUrl":"https://request-tutorial-94f7a.web.app","type":"USER_SITE"}]}
[debug] [2022-07-20T19:11:18.799Z] >>> [apiv2][query] GET https://firebase.googleapis.com/v1beta1/projects/dropoutstore-8979d/webApps/1:300563119027:web:fefd76170953e8b14669c6/config [none]
[debug] [2022-07-20T19:11:20.282Z] <<< [apiv2][status] GET https://firebase.googleapis.com/v1beta1/projects/dropoutstore-8979d/webApps/1:300563119027:web:fefd76170953e8b14669c6/config 200
[debug] [2022-07-20T19:11:20.283Z] <<< [apiv2][body] GET https://firebase.googleapis.com/v1beta1/projects/dropoutstore-8979d/webApps/1:300563119027:web:fefd76170953e8b14669c6/config {"projectId":"dropoutstore-8979d","appId":"1:300563119027:web:fefd76170953e8b14669c6","databaseURL":"https://dropoutstore-8979d-default-rtdb.asia-southeast1.firebasedatabase.app","storageBucket":"dropoutstore-8979d.appspot.com","locationId":"asia-south1","apiKey":"AIzaSyDVvT190YHjnYh5LRobXI4cQf8F3_vuGOc","authDomain":"dropoutstore-8979d.firebaseapp.com","messagingSenderId":"300563119027","measurementId":"G-RXD44LFG2Z"}
[info] i  hosting: Serving hosting files from: public {"metadata":{"emulator":{"name":"hosting"},"message":"Serving hosting files from: \u001b[1mpublic\u001b[22m"}}
[info] +  hosting: Local server: http://localhost:5000 {"metadata":{"emulator":{"name":"hosting"},"message":"Local server: \u001b[4m\u001b[1mhttp://localhost:5000\u001b[22m\u001b[24m"}}
[debug] [2022-07-20T19:11:20.346Z] Ignoring unsupported arg: auto_download {"metadata":{"emulator":{"name":"ui"},"message":"Ignoring unsupported arg: auto_download"}}
[debug] [2022-07-20T19:11:20.346Z] Ignoring unsupported arg: port {"metadata":{"emulator":{"name":"ui"},"message":"Ignoring unsupported arg: port"}}
[debug] [2022-07-20T19:11:20.347Z] Starting Emulator UI with command {"binary":"node","args":["--dns-result-order=ipv4first","C:\\Users\\kiran\\.cache\\firebase\\emulators\\ui-v1.7.0\\server.bundle.js"],"optionalArgs":[],"joinArgs":false} {"metadata":{"emulator":{"name":"ui"},"message":"Starting Emulator UI with command {\"binary\":\"node\",\"args\":[\"--dns-result-order=ipv4first\",\"C:\\\\Users\\\\kiran\\\\.cache\\\\firebase\\\\emulators\\\\ui-v1.7.0\\\\server.bundle.js\"],\"optionalArgs\":[],\"joinArgs\":false}"}}
[info] i  ui: Emulator UI logging to ui-debug.log {"metadata":{"emulator":{"name":"ui"},"message":"Emulator UI logging to \u001b[1mui-debug.log\u001b[22m"}}
[debug] [2022-07-20T19:11:20.718Z] Web / API server started at localhost:4000
 {"metadata":{"emulator":{"name":"ui"},"message":"Web / API server started at localhost:4000\n"}}
[info] i  functions: Watching "C:\Users\kiran\OneDrive\Desktop\dos-admin-dashboard\functions" for Cloud Functions... {"metadata":{"emulator":{"name":"functions"},"message":"Watching \"C:\\Users\\kiran\\OneDrive\\Desktop\\dos-admin-dashboard\\functions\" for Cloud Functions..."}}
[debug] [2022-07-20T19:11:20.902Z] Validating nodejs source
[debug] [2022-07-20T19:11:25.210Z] > [functions] package.json contents: {
  "name": "functions",
  "scripts": {
    "lint": "eslint --fix --ext .js,.ts .",
    "build": "tsc",
    "watch": "tsc -W",
    "serve": "npm run build && firebase emulators:start --only functions",
    "shell": "npm run build && firebase functions:shell",
    "start": "npm run shell",
    "deploy": "firebase deploy --only functions",
    "logs": "firebase functions:log"
  },
  "engines": {
    "node": "16"
  },
  "main": "lib/index.js",
  "dependencies": {
    "api": "^4.5.1",
    "axios": "^0.27.2",
    "cashfree-sdk": "^0.1.1",
    "firebase-admin": "^10.0.2",
    "firebase-functions": "^3.22.0"
  },
  "devDependencies": {
    "@typescript-eslint/eslint-plugin": "^5.12.0",
    "@typescript-eslint/parser": "^5.12.0",
    "eslint": "^8.9.0",
    "eslint-config-google": "^0.14.0",
    "eslint-plugin-import": "^2.25.4",
    "firebase-functions-test": "^0.2.0",
    "typescript": "^4.5.4"
  },
  "private": true
}
[debug] [2022-07-20T19:11:25.210Z] Building nodejs source
[debug] [2022-07-20T19:11:25.211Z] Analyzing nodejs backend spec
[debug] [2022-07-20T19:11:25.213Z] Could not find functions.yaml. Must use http discovery
[debug] [2022-07-20T19:11:25.694Z] Serving at port 9005

[debug] [2022-07-20T19:11:25.865Z] Got response from /__/functions.yaml {"endpoints":{"docCreation":{"platform":"gcfv1","region":["asia-south1"],"eventTrigger":{"eventType":"providers/firebase.auth/eventTypes/user.create","eventFilters":{"resource":"projects/dropoutstore-8979d"},"retry":false},"labels":{},"entryPoint":"docCreation"},"createDocstorage":{"platform":"gcfv1","region":["asia-south1"],"eventTrigger":{"eventType":"google.storage.object.finalize","eventFilters":{"resource":"projects/_/buckets/dropoutstore-8979d.appspot.com"},"retry":false},"labels":{},"entryPoint":"createDocstorage"},"bank":{"platform":"gcfv1","labels":{},"region":["asia-south1"],"callableTrigger":{},"entryPoint":"bank"},"pan":{"platform":"gcfv1","labels":{},"region":["asia-south1"],"callableTrigger":{},"entryPoint":"pan"}},"specVersion":"v1alpha1","requiredAPIs":[]}
[debug] [2022-07-20T19:11:25.875Z] shutdown requested via /__/quitquitquit

[debug] [2022-07-20T19:11:25.903Z] addAuthTrigger {"eventTrigger":{"eventType":"providers/firebase.auth/eventTypes/user.create","resource":"projects/dropoutstore-8979d"}}
[info] +  functions[asia-south1-docCreation]: auth function initialized. {"metadata":{"emulator":{"name":"functions"},"message":"\u001b[1mauth\u001b[22m function initialized."}}
[debug] [2022-07-20T19:11:25.905Z] addStorageTrigger {"eventTrigger":{"eventType":"google.storage.object.finalize","resource":"projects/_/buckets/dropoutstore-8979d.appspot.com"}}
[info] +  functions[asia-south1-createDocstorage]: storage function initialized. {"metadata":{"emulator":{"name":"functions"},"message":"\u001b[1mstorage\u001b[22m function initialized."}}
[info] +  functions[asia-south1-bank]: http function initialized (http://localhost:5001/dropoutstore-8979d/asia-south1/bank). {"metadata":{"emulator":{"name":"functions"},"message":"\u001b[1mhttp\u001b[22m function initialized (http://localhost:5001/dropoutstore-8979d/asia-south1/bank)."}}
[info] +  functions[asia-south1-pan]: http function initialized (http://localhost:5001/dropoutstore-8979d/asia-south1/pan). {"metadata":{"emulator":{"name":"functions"},"message":"\u001b[1mhttp\u001b[22m function initialized (http://localhost:5001/dropoutstore-8979d/asia-south1/pan)."}}
[info] 
┌─────────────────────────────────────────────────────────────┐
│ ✔  All emulators ready! It is now safe to connect your app. │
│ i  View Emulator UI at http://localhost:4000                │
└─────────────────────────────────────────────────────────────┘

┌────────────────┬────────────────┬─────────────────────────────────┐
│ Emulator       │ Host:Port      │ View in Emulator UI             │
├────────────────┼────────────────┼─────────────────────────────────┤
│ Authentication │ localhost:9099 │ http://localhost:4000/auth      │
├────────────────┼────────────────┼─────────────────────────────────┤
│ Functions      │ localhost:5001 │ http://localhost:4000/functions │
├────────────────┼────────────────┼─────────────────────────────────┤
│ Firestore      │ localhost:8080 │ http://localhost:4000/firestore │
├────────────────┼────────────────┼─────────────────────────────────┤
│ Hosting        │ localhost:5000 │ n/a                             │
├────────────────┼────────────────┼─────────────────────────────────┤
│ Storage        │ localhost:9199 │ http://localhost:4000/storage   │
└────────────────┴────────────────┴─────────────────────────────────┘
  Emulator Hub running at localhost:4400
  Other reserved ports: 4500

Issues? Report them at https://github.com/firebase/firebase-tools/issues and attach the *-debug.log files.
 
[debug] [2022-07-20T19:12:07.369Z] [work-queue] {"queueLength":1,"workRunningCount":0}
[debug] [2022-07-20T19:12:07.370Z] [work-queue] {"queueLength":0,"workRunningCount":1}
[debug] [2022-07-20T19:12:07.371Z] [work-queue] {"queueLength":0,"workRunningCount":0}
[debug] [2022-07-20T19:12:12.309Z] [work-queue] {"queueLength":1,"workRunningCount":0}
[debug] [2022-07-20T19:12:12.309Z] [work-queue] {"queueLength":0,"workRunningCount":1}
[debug] [2022-07-20T19:12:12.311Z] [work-queue] {"queueLength":0,"workRunningCount":0}
[debug] [2022-07-20T19:12:17.896Z] [work-queue] {"queueLength":1,"workRunningCount":0}
[debug] [2022-07-20T19:12:17.897Z] [work-queue] {"queueLength":0,"workRunningCount":1}
[debug] [2022-07-20T19:12:17.898Z] [work-queue] {"queueLength":0,"workRunningCount":0}
[debug] [2022-07-20T19:12:51.983Z] [work-queue] {"queueLength":1,"workRunningCount":0}
[debug] [2022-07-20T19:12:51.984Z] [work-queue] {"queueLength":0,"workRunningCount":1}
[debug] [2022-07-20T19:12:51.985Z] [work-queue] {"queueLength":0,"workRunningCount":0}
[debug] [2022-07-20T19:13:13.970Z] [work-queue] {"queueLength":1,"workRunningCount":0}
[debug] [2022-07-20T19:13:13.970Z] [work-queue] {"queueLength":0,"workRunningCount":1}
[debug] [2022-07-20T19:13:13.971Z] [work-queue] {"queueLength":0,"workRunningCount":0}
[debug] [2022-07-20T19:13:28.494Z] [work-queue] {"queueLength":1,"workRunningCount":0}
[debug] [2022-07-20T19:13:28.495Z] [work-queue] {"queueLength":0,"workRunningCount":1}
[debug] [2022-07-20T19:13:28.496Z] [work-queue] {"queueLength":0,"workRunningCount":0}
[debug] [2022-07-20T19:14:11.427Z] [work-queue] {"queueLength":1,"workRunningCount":0}
[debug] [2022-07-20T19:14:11.427Z] [work-queue] {"queueLength":0,"workRunningCount":1}
[debug] [2022-07-20T19:14:11.428Z] [work-queue] {"queueLength":0,"workRunningCount":0}
[debug] [2022-07-20T19:14:58.108Z] [work-queue] {"queueLength":1,"workRunningCount":0}
[debug] [2022-07-20T19:14:58.109Z] [work-queue] {"queueLength":0,"workRunningCount":1}
[debug] [2022-07-20T19:14:58.110Z] [work-queue] {"queueLength":0,"workRunningCount":0}
[debug] [2022-07-20T19:17:01.322Z] [work-queue] {"queueLength":1,"workRunningCount":0}
[debug] [2022-07-20T19:17:01.322Z] [work-queue] {"queueLength":0,"workRunningCount":1}
[debug] [2022-07-20T19:17:01.323Z] [work-queue] {"queueLength":0,"workRunningCount":0}
